99.07.05 14:53 B C:\WINDOWS\DESKTOP\linux.davidson.cc.nc.us\student\public\2h170681.dat <-- linux.davidson.cc.nc.us /student/public 2h170681.dat
99.07.05 14:53 B C:\WINDOWS\DESKTOP\linux.davidson.cc.nc.us\student\public\2r170681.dat <-- linux.davidson.cc.nc.us /student/public 2r170681.dat
99.07.05 14:53 B C:\WINDOWS\DESKTOP\linux.davidson.cc.nc.us\student\public\baccount <-- linux.davidson.cc.nc.us /student/public baccount
99.07.05 14:54 B C:\WINDOWS\DESKTOP\linux.davidson.cc.nc.us\student\public\baccount.cpp <-- linux.davidson.cc.nc.us /student/public baccount.cpp
99.07.05 14:54 B C:\WINDOWS\DESKTOP\linux.davidson.cc.nc.us\student\public\baccount.h <-- linux.davidson.cc.nc.us /student/public baccount.h
99.07.05 14:54 B C:\WINDOWS\DESKTOP\linux.davidson.cc.nc.us\student\public\bag <-- linux.davidson.cc.nc.us /student/public bag
99.07.05 14:54 B C:\WINDOWS\DESKTOP\linux.davidson.cc.nc.us\student\public\bag.cpp <-- linux.davidson.cc.nc.us /student/public bag.cpp
99.07.05 14:54 B C:\WINDOWS\DESKTOP\linux.davidson.cc.nc.us\student\public\bag.h <-- linux.davidson.cc.nc.us /student/public bag.h
99.07.05 14:54 B C:\WINDOWS\DESKTOP\linux.davidson.cc.nc.us\student\public\bank.dat <-- linux.davidson.cc.nc.us /student/public bank.dat
99.07.05 14:54 B C:\WINDOWS\DESKTOP\linux.davidson.cc.nc.us\student\public\book.dat <-- linux.davidson.cc.nc.us /student/public book.dat
99.07.05 14:54 B C:\WINDOWS\DESKTOP\linux.davidson.cc.nc.us\student\public\bool <-- linux.davidson.cc.nc.us /student/public bool
99.07.05 14:54 B C:\WINDOWS\DESKTOP\linux.davidson.cc.nc.us\student\public\cardread <-- linux.davidson.cc.nc.us /student/public cardread
99.07.05 14:54 B C:\WINDOWS\DESKTOP\linux.davidson.cc.nc.us\student\public\cardread.cpp <-- linux.davidson.cc.nc.us /student/public cardread.cpp
99.07.05 14:54 B C:\WINDOWS\DESKTOP\linux.davidson.cc.nc.us\student\public\cardread.h <-- linux.davidson.cc.nc.us /student/public cardread.h
99.07.05 14:54 B C:\WINDOWS\DESKTOP\linux.davidson.cc.nc.us\student\public\cassert.h <-- linux.davidson.cc.nc.us /student/public cassert.h
99.07.05 14:54 B C:\WINDOWS\DESKTOP\linux.davidson.cc.nc.us\student\public\cctype.h <-- linux.davidson.cc.nc.us /student/public cctype.h
99.07.05 14:54 B C:\WINDOWS\DESKTOP\linux.davidson.cc.nc.us\student\public\cd <-- linux.davidson.cc.nc.us /student/public cd
99.07.05 14:54 B C:\WINDOWS\DESKTOP\linux.davidson.cc.nc.us\student\public\cd.cpp <-- linux.davidson.cc.nc.us /student/public cd.cpp
99.07.05 14:54 B C:\WINDOWS\DESKTOP\linux.davidson.cc.nc.us\student\public\cd.dat <-- linux.davidson.cc.nc.us /student/public cd.dat
99.07.05 14:54 B C:\WINDOWS\DESKTOP\linux.davidson.cc.nc.us\student\public\cd.h <-- linux.davidson.cc.nc.us /student/public cd.h
99.07.05 14:54 B C:\WINDOWS\DESKTOP\linux.davidson.cc.nc.us\student\public\cdcollec <-- linux.davidson.cc.nc.us /student/public cdcollec
99.07.05 14:54 B C:\WINDOWS\DESKTOP\linux.davidson.cc.nc.us\student\public\cdcollec.cpp <-- linux.davidson.cc.nc.us /student/public cdcollec.cpp
99.07.05 14:54 B C:\WINDOWS\DESKTOP\linux.davidson.cc.nc.us\student\public\cdcollec.h <-- linux.davidson.cc.nc.us /student/public cdcollec.h
99.07.05 14:54 B C:\WINDOWS\DESKTOP\linux.davidson.cc.nc.us\student\public\cddefs.h <-- linux.davidson.cc.nc.us /student/public cddefs.h
99.07.05 14:54 B C:\WINDOWS\DESKTOP\linux.davidson.cc.nc.us\student\public\cdplayer <-- linux.davidson.cc.nc.us /student/public cdplayer
99.07.05 14:54 B C:\WINDOWS\DESKTOP\linux.davidson.cc.nc.us\student\public\cdplayer.cpp <-- linux.davidson.cc.nc.us /student/public cdplayer.cpp
99.07.05 14:54 B C:\WINDOWS\DESKTOP\linux.davidson.cc.nc.us\student\public\cdplayer.h <-- linux.davidson.cc.nc.us /student/public cdplayer.h
99.07.05 14:54 B C:\WINDOWS\DESKTOP\linux.davidson.cc.nc.us\student\public\cdstuff <-- linux.davidson.cc.nc.us /student/public cdstuff
99.07.05 14:54 B C:\WINDOWS\DESKTOP\linux.davidson.cc.nc.us\student\public\cdstuff.cpp <-- linux.davidson.cc.nc.us /student/public cdstuff.cpp
99.07.05 14:54 B C:\WINDOWS\DESKTOP\linux.davidson.cc.nc.us\student\public\cdstuff.h <-- linux.davidson.cc.nc.us /student/public cdstuff.h
99.07.05 14:54 B C:\WINDOWS\DESKTOP\linux.davidson.cc.nc.us\student\public\checkbk.cpp <-- linux.davidson.cc.nc.us /student/public checkbk.cpp
99.07.05 14:54 B C:\WINDOWS\DESKTOP\linux.davidson.cc.nc.us\student\public\cmath <-- linux.davidson.cc.nc.us /student/public cmath
99.07.05 14:54 B C:\WINDOWS\DESKTOP\linux.davidson.cc.nc.us\student\public\cmath.h <-- linux.davidson.cc.nc.us /student/public cmath.h
99.07.05 14:54 B C:\WINDOWS\DESKTOP\linux.davidson.cc.nc.us\student\public\compfun <-- linux.davidson.cc.nc.us /student/public compfun
99.07.05 14:54 B C:\WINDOWS\DESKTOP\linux.davidson.cc.nc.us\student\public\compfun.cpp <-- linux.davidson.cc.nc.us /student/public compfun.cpp
99.07.05 14:54 B C:\WINDOWS\DESKTOP\linux.davidson.cc.nc.us\student\public\compfun.h <-- linux.davidson.cc.nc.us /student/public compfun.h
99.07.05 14:54 B C:\WINDOWS\DESKTOP\linux.davidson.cc.nc.us\student\public\complex <-- linux.davidson.cc.nc.us /student/public complex
99.07.05 14:54 B C:\WINDOWS\DESKTOP\linux.davidson.cc.nc.us\student\public\counter <-- linux.davidson.cc.nc.us /student/public counter
99.07.05 14:54 B C:\WINDOWS\DESKTOP\linux.davidson.cc.nc.us\student\public\cstdio.cpp <-- linux.davidson.cc.nc.us /student/public cstdio.cpp
99.07.05 14:54 B C:\WINDOWS\DESKTOP\linux.davidson.cc.nc.us\student\public\cstdio.h <-- linux.davidson.cc.nc.us /student/public cstdio.h
99.07.05 14:54 B C:\WINDOWS\DESKTOP\linux.davidson.cc.nc.us\student\public\cstdlib.h <-- linux.davidson.cc.nc.us /student/public cstdlib.h
99.07.05 14:54 B C:\WINDOWS\DESKTOP\linux.davidson.cc.nc.us\student\public\ctime.h <-- linux.davidson.cc.nc.us /student/public ctime.h
99.07.05 14:54 B C:\WINDOWS\DESKTOP\linux.davidson.cc.nc.us\student\public\current.cpp <-- linux.davidson.cc.nc.us /student/public current.cpp
99.07.05 14:54 B C:\WINDOWS\DESKTOP\linux.davidson.cc.nc.us\student\public\date <-- linux.davidson.cc.nc.us /student/public date
99.07.05 14:54 B C:\WINDOWS\DESKTOP\linux.davidson.cc.nc.us\student\public\date.cpp <-- linux.davidson.cc.nc.us /student/public date.cpp
99.07.05 14:54 B C:\WINDOWS\DESKTOP\linux.davidson.cc.nc.us\student\public\date.h <-- linux.davidson.cc.nc.us /student/public date.h
99.07.05 14:54 B C:\WINDOWS\DESKTOP\linux.davidson.cc.nc.us\student\public\elevator <-- linux.davidson.cc.nc.us /student/public elevator
99.07.05 14:54 B C:\WINDOWS\DESKTOP\linux.davidson.cc.nc.us\student\public\genbag <-- linux.davidson.cc.nc.us /student/public genbag
99.07.05 14:54 B C:\WINDOWS\DESKTOP\linux.davidson.cc.nc.us\student\public\genbag.h <-- linux.davidson.cc.nc.us /student/public genbag.h
99.07.05 14:54 B C:\WINDOWS\DESKTOP\linux.davidson.cc.nc.us\student\public\getline.cpp <-- linux.davidson.cc.nc.us /student/public getline.cpp
99.07.05 14:54 B C:\WINDOWS\DESKTOP\linux.davidson.cc.nc.us\student\public\grid <-- linux.davidson.cc.nc.us /student/public grid
99.07.05 14:54 B C:\WINDOWS\DESKTOP\linux.davidson.cc.nc.us\student\public\grid.cpp <-- linux.davidson.cc.nc.us /student/public grid.cpp
99.07.05 14:54 B C:\WINDOWS\DESKTOP\linux.davidson.cc.nc.us\student\public\grid.h <-- linux.davidson.cc.nc.us /student/public grid.h
99.07.05 14:54 B C:\WINDOWS\DESKTOP\linux.davidson.cc.nc.us\student\public\input.dat <-- linux.davidson.cc.nc.us /student/public input.dat
99.07.05 14:54 B C:\WINDOWS\DESKTOP\linux.davidson.cc.nc.us\student\public\iostream <-- linux.davidson.cc.nc.us /student/public iostream
99.07.05 14:54 B C:\WINDOWS\DESKTOP\linux.davidson.cc.nc.us\student\public\irdefs.h <-- linux.davidson.cc.nc.us /student/public irdefs.h
99.07.05 14:55 B C:\WINDOWS\DESKTOP\linux.davidson.cc.nc.us\student\public\irdev <-- linux.davidson.cc.nc.us /student/public irdev
99.07.05 14:55 B C:\WINDOWS\DESKTOP\linux.davidson.cc.nc.us\student\public\irdev.cpp <-- linux.davidson.cc.nc.us /student/public irdev.cpp
99.07.05 14:55 B C:\WINDOWS\DESKTOP\linux.davidson.cc.nc.us\student\public\irdev.h <-- linux.davidson.cc.nc.us /student/public irdev.h
99.07.05 14:55 B C:\WINDOWS\DESKTOP\linux.davidson.cc.nc.us\student\public\irinfo.dat <-- linux.davidson.cc.nc.us /student/public irinfo.dat
99.07.05 14:55 B C:\WINDOWS\DESKTOP\linux.davidson.cc.nc.us\student\public\irutils.h <-- linux.davidson.cc.nc.us /student/public irutils.h
99.07.05 14:55 B C:\WINDOWS\DESKTOP\linux.davidson.cc.nc.us\student\public\jukebox <-- linux.davidson.cc.nc.us /student/public jukebox
99.07.05 14:55 B C:\WINDOWS\DESKTOP\linux.davidson.cc.nc.us\student\public\jukebox.cpp <-- linux.davidson.cc.nc.us /student/public jukebox.cpp
99.07.05 14:55 B C:\WINDOWS\DESKTOP\linux.davidson.cc.nc.us\student\public\jukebox.h <-- linux.davidson.cc.nc.us /student/public jukebox.h
99.07.05 14:55 B C:\WINDOWS\DESKTOP\linux.davidson.cc.nc.us\student\public\lendable <-- linux.davidson.cc.nc.us /student/public lendable
99.07.05 14:55 B C:\WINDOWS\DESKTOP\linux.davidson.cc.nc.us\student\public\lendable.cpp <-- linux.davidson.cc.nc.us /student/public lendable.cpp
99.07.05 14:55 B C:\WINDOWS\DESKTOP\linux.davidson.cc.nc.us\student\public\lendable.h <-- linux.davidson.cc.nc.us /student/public lendable.h
99.07.05 14:55 B C:\WINDOWS\DESKTOP\linux.davidson.cc.nc.us\student\public\lendlist <-- linux.davidson.cc.nc.us /student/public lendlist
99.07.05 14:55 B C:\WINDOWS\DESKTOP\linux.davidson.cc.nc.us\student\public\lendlist.cpp <-- linux.davidson.cc.nc.us /student/public lendlist.cpp
99.07.05 14:55 B C:\WINDOWS\DESKTOP\linux.davidson.cc.nc.us\student\public\lendlist.h <-- linux.davidson.cc.nc.us /student/public lendlist.h
99.07.05 14:55 B C:\WINDOWS\DESKTOP\linux.davidson.cc.nc.us\student\public\libbook <-- linux.davidson.cc.nc.us /student/public libbook
99.07.05 14:55 B C:\WINDOWS\DESKTOP\linux.davidson.cc.nc.us\student\public\libbook.cpp <-- linux.davidson.cc.nc.us /student/public libbook.cpp
99.07.05 14:55 B C:\WINDOWS\DESKTOP\linux.davidson.cc.nc.us\student\public\libbook.h <-- linux.davidson.cc.nc.us /student/public libbook.h
99.07.05 14:55 B C:\WINDOWS\DESKTOP\linux.davidson.cc.nc.us\student\public\linearinterpolation.cpp <-- linux.davidson.cc.nc.us /student/public linearinterpolation.cpp
99.07.05 14:55 B C:\WINDOWS\DESKTOP\linux.davidson.cc.nc.us\student\public\linux_logo-3_0_tar.gz <-- linux.davidson.cc.nc.us /student/public linux_logo-3_0_tar.gz
99.07.05 14:56 B C:\WINDOWS\DESKTOP\linux.davidson.cc.nc.us\student\public\llist <-- linux.davidson.cc.nc.us /student/public llist
99.07.05 14:56 B C:\WINDOWS\DESKTOP\linux.davidson.cc.nc.us\student\public\llist.cpp <-- linux.davidson.cc.nc.us /student/public llist.cpp
99.07.05 14:56 B C:\WINDOWS\DESKTOP\linux.davidson.cc.nc.us\student\public\llist.h <-- linux.davidson.cc.nc.us /student/public llist.h
99.07.05 14:56 B C:\WINDOWS\DESKTOP\linux.davidson.cc.nc.us\student\public\ltcomplx <-- linux.davidson.cc.nc.us /student/public ltcomplx
99.07.05 14:56 B C:\WINDOWS\DESKTOP\linux.davidson.cc.nc.us\student\public\ltcomplx.cpp <-- linux.davidson.cc.nc.us /student/public ltcomplx.cpp
99.07.05 14:56 B C:\WINDOWS\DESKTOP\linux.davidson.cc.nc.us\student\public\ltcomplx.h <-- linux.davidson.cc.nc.us /student/public ltcomplx.h
99.07.05 14:56 B C:\WINDOWS\DESKTOP\linux.davidson.cc.nc.us\student\public\ltstring.cpp <-- linux.davidson.cc.nc.us /student/public ltstring.cpp
99.07.05 14:56 B C:\WINDOWS\DESKTOP\linux.davidson.cc.nc.us\student\public\ltstring.h <-- linux.davidson.cc.nc.us /student/public ltstring.h
99.07.05 14:56 B C:\WINDOWS\DESKTOP\linux.davidson.cc.nc.us\student\public\mat2 <-- linux.davidson.cc.nc.us /student/public mat2
99.07.05 14:56 B C:\WINDOWS\DESKTOP\linux.davidson.cc.nc.us\student\public\math <-- linux.davidson.cc.nc.us /student/public math
99.07.05 14:56 B C:\WINDOWS\DESKTOP\linux.davidson.cc.nc.us\student\public\matrix <-- linux.davidson.cc.nc.us /student/public matrix
99.07.05 14:56 B C:\WINDOWS\DESKTOP\linux.davidson.cc.nc.us\student\public\myarray <-- linux.davidson.cc.nc.us /student/public myarray
99.07.05 14:56 B C:\WINDOWS\DESKTOP\linux.davidson.cc.nc.us\student\public\myarray.cpp <-- linux.davidson.cc.nc.us /student/public myarray.cpp
99.07.05 14:56 B C:\WINDOWS\DESKTOP\linux.davidson.cc.nc.us\student\public\myarray.h <-- linux.davidson.cc.nc.us /student/public myarray.h
99.07.05 14:56 B C:\WINDOWS\DESKTOP\linux.davidson.cc.nc.us\student\public\noname01.cpp <-- linux.davidson.cc.nc.us /student/public noname01.cpp
99.07.05 14:56 B C:\WINDOWS\DESKTOP\linux.davidson.cc.nc.us\student\public\numbers.dat <-- linux.davidson.cc.nc.us /student/public numbers.dat
99.07.05 14:56 B C:\WINDOWS\DESKTOP\linux.davidson.cc.nc.us\student\public\one <-- linux.davidson.cc.nc.us /student/public one
99.07.05 14:56 B C:\WINDOWS\DESKTOP\linux.davidson.cc.nc.us\student\public\onecd.dat <-- linux.davidson.cc.nc.us /student/public onecd.dat
99.07.05 14:56 B C:\WINDOWS\DESKTOP\linux.davidson.cc.nc.us\student\public\out.dat <-- linux.davidson.cc.nc.us /student/public out.dat
99.07.05 14:56 B C:\WINDOWS\DESKTOP\linux.davidson.cc.nc.us\student\public\p017.cpp <-- linux.davidson.cc.nc.us /student/public p017.cpp
99.07.05 14:56 B C:\WINDOWS\DESKTOP\linux.davidson.cc.nc.us\student\public\p024.cpp <-- linux.davidson.cc.nc.us /student/public p024.cpp
99.07.05 14:56 B C:\WINDOWS\DESKTOP\linux.davidson.cc.nc.us\student\public\p031.cpp <-- linux.davidson.cc.nc.us /student/public p031.cpp
99.07.05 14:56 B C:\WINDOWS\DESKTOP\linux.davidson.cc.nc.us\student\public\p032.cpp <-- linux.davidson.cc.nc.us /student/public p032.cpp
99.07.05 14:56 B C:\WINDOWS\DESKTOP\linux.davidson.cc.nc.us\student\public\p040.cpp <-- linux.davidson.cc.nc.us /student/public p040.cpp
99.07.05 14:56 B C:\WINDOWS\DESKTOP\linux.davidson.cc.nc.us\student\public\p050.cpp <-- linux.davidson.cc.nc.us /student/public p050.cpp
99.07.05 14:56 B C:\WINDOWS\DESKTOP\linux.davidson.cc.nc.us\student\public\p052.cpp <-- linux.davidson.cc.nc.us /student/public p052.cpp
99.07.05 14:56 B C:\WINDOWS\DESKTOP\linux.davidson.cc.nc.us\student\public\p053.cpp <-- linux.davidson.cc.nc.us /student/public p053.cpp
99.07.05 14:56 B C:\WINDOWS\DESKTOP\linux.davidson.cc.nc.us\student\public\p067.cpp <-- linux.davidson.cc.nc.us /student/public p067.cpp
99.07.05 14:56 B C:\WINDOWS\DESKTOP\linux.davidson.cc.nc.us\student\public\p071.cpp <-- linux.davidson.cc.nc.us /student/public p071.cpp
99.07.05 14:56 B C:\WINDOWS\DESKTOP\linux.davidson.cc.nc.us\student\public\p077.cpp <-- linux.davidson.cc.nc.us /student/public p077.cpp
99.07.05 14:56 B C:\WINDOWS\DESKTOP\linux.davidson.cc.nc.us\student\public\p079.cpp <-- linux.davidson.cc.nc.us /student/public p079.cpp
99.07.05 14:56 B C:\WINDOWS\DESKTOP\linux.davidson.cc.nc.us\student\public\p084.cpp <-- linux.davidson.cc.nc.us /student/public p084.cpp
99.07.05 14:56 B C:\WINDOWS\DESKTOP\linux.davidson.cc.nc.us\student\public\p090.cpp <-- linux.davidson.cc.nc.us /student/public p090.cpp
99.07.05 14:56 B C:\WINDOWS\DESKTOP\linux.davidson.cc.nc.us\student\public\p093.cpp <-- linux.davidson.cc.nc.us /student/public p093.cpp
99.07.05 14:56 B C:\WINDOWS\DESKTOP\linux.davidson.cc.nc.us\student\public\p111.cpp <-- linux.davidson.cc.nc.us /student/public p111.cpp
99.07.05 14:56 B C:\WINDOWS\DESKTOP\linux.davidson.cc.nc.us\student\public\p113.cpp <-- linux.davidson.cc.nc.us /student/public p113.cpp
99.07.05 14:56 B C:\WINDOWS\DESKTOP\linux.davidson.cc.nc.us\student\public\p114.cpp <-- linux.davidson.cc.nc.us /student/public p114.cpp
99.07.05 14:56 B C:\WINDOWS\DESKTOP\linux.davidson.cc.nc.us\student\public\p115.cpp <-- linux.davidson.cc.nc.us /student/public p115.cpp
99.07.05 14:56 B C:\WINDOWS\DESKTOP\linux.davidson.cc.nc.us\student\public\p117.cpp <-- linux.davidson.cc.nc.us /student/public p117.cpp
99.07.05 14:56 B C:\WINDOWS\DESKTOP\linux.davidson.cc.nc.us\student\public\p118.cpp <-- linux.davidson.cc.nc.us /student/public p118.cpp
99.07.05 14:56 B C:\WINDOWS\DESKTOP\linux.davidson.cc.nc.us\student\public\p119.cpp <-- linux.davidson.cc.nc.us /student/public p119.cpp
99.07.05 14:56 B C:\WINDOWS\DESKTOP\linux.davidson.cc.nc.us\student\public\p124.cpp <-- linux.davidson.cc.nc.us /student/public p124.cpp
99.07.05 14:56 B C:\WINDOWS\DESKTOP\linux.davidson.cc.nc.us\student\public\p125.cpp <-- linux.davidson.cc.nc.us /student/public p125.cpp
99.07.05 14:56 B C:\WINDOWS\DESKTOP\linux.davidson.cc.nc.us\student\public\p127.cpp <-- linux.davidson.cc.nc.us /student/public p127.cpp
99.07.05 14:56 B C:\WINDOWS\DESKTOP\linux.davidson.cc.nc.us\student\public\p146.cpp <-- linux.davidson.cc.nc.us /student/public p146.cpp
99.07.05 14:56 B C:\WINDOWS\DESKTOP\linux.davidson.cc.nc.us\student\public\p148.cpp <-- linux.davidson.cc.nc.us /student/public p148.cpp
99.07.05 14:56 B C:\WINDOWS\DESKTOP\linux.davidson.cc.nc.us\student\public\p150.cpp <-- linux.davidson.cc.nc.us /student/public p150.cpp
99.07.05 14:56 B C:\WINDOWS\DESKTOP\linux.davidson.cc.nc.us\student\public\p155.cpp <-- linux.davidson.cc.nc.us /student/public p155.cpp
99.07.05 14:56 B C:\WINDOWS\DESKTOP\linux.davidson.cc.nc.us\student\public\p172.cpp <-- linux.davidson.cc.nc.us /student/public p172.cpp
99.07.05 14:56 B C:\WINDOWS\DESKTOP\linux.davidson.cc.nc.us\student\public\p173.cpp <-- linux.davidson.cc.nc.us /student/public p173.cpp
99.07.05 14:56 B C:\WINDOWS\DESKTOP\linux.davidson.cc.nc.us\student\public\p177.cpp <-- linux.davidson.cc.nc.us /student/public p177.cpp
99.07.05 14:56 B C:\WINDOWS\DESKTOP\linux.davidson.cc.nc.us\student\public\p179.cpp <-- linux.davidson.cc.nc.us /student/public p179.cpp
99.07.05 14:56 B C:\WINDOWS\DESKTOP\linux.davidson.cc.nc.us\student\public\p182.cpp <-- linux.davidson.cc.nc.us /student/public p182.cpp
99.07.05 14:56 B C:\WINDOWS\DESKTOP\linux.davidson.cc.nc.us\student\public\p196.cpp <-- linux.davidson.cc.nc.us /student/public p196.cpp
99.07.05 14:56 B C:\WINDOWS\DESKTOP\linux.davidson.cc.nc.us\student\public\p200.cpp <-- linux.davidson.cc.nc.us /student/public p200.cpp
99.07.05 14:56 B C:\WINDOWS\DESKTOP\linux.davidson.cc.nc.us\student\public\p218.cpp <-- linux.davidson.cc.nc.us /student/public p218.cpp
99.07.05 14:56 B C:\WINDOWS\DESKTOP\linux.davidson.cc.nc.us\student\public\p236.cpp <-- linux.davidson.cc.nc.us /student/public p236.cpp
99.07.05 14:56 B C:\WINDOWS\DESKTOP\linux.davidson.cc.nc.us\student\public\p243.cpp <-- linux.davidson.cc.nc.us /student/public p243.cpp
99.07.05 14:57 B C:\WINDOWS\DESKTOP\linux.davidson.cc.nc.us\student\public\p245.cpp <-- linux.davidson.cc.nc.us /student/public p245.cpp
99.07.05 14:57 B C:\WINDOWS\DESKTOP\linux.davidson.cc.nc.us\student\public\p247.cpp <-- linux.davidson.cc.nc.us /student/public p247.cpp
99.07.05 14:57 B C:\WINDOWS\DESKTOP\linux.davidson.cc.nc.us\student\public\p248.cpp <-- linux.davidson.cc.nc.us /student/public p248.cpp
99.07.05 14:57 B C:\WINDOWS\DESKTOP\linux.davidson.cc.nc.us\student\public\p252.cpp <-- linux.davidson.cc.nc.us /student/public p252.cpp
99.07.05 14:57 B C:\WINDOWS\DESKTOP\linux.davidson.cc.nc.us\student\public\p256.cpp <-- linux.davidson.cc.nc.us /student/public p256.cpp
99.07.05 14:57 B C:\WINDOWS\DESKTOP\linux.davidson.cc.nc.us\student\public\p269.cpp <-- linux.davidson.cc.nc.us /student/public p269.cpp
99.07.05 14:57 B C:\WINDOWS\DESKTOP\linux.davidson.cc.nc.us\student\public\p271.cpp <-- linux.davidson.cc.nc.us /student/public p271.cpp
99.07.05 14:57 B C:\WINDOWS\DESKTOP\linux.davidson.cc.nc.us\student\public\p275.cpp <-- linux.davidson.cc.nc.us /student/public p275.cpp
99.07.05 14:57 B C:\WINDOWS\DESKTOP\linux.davidson.cc.nc.us\student\public\p278.cpp <-- linux.davidson.cc.nc.us /student/public p278.cpp
99.07.05 14:57 B C:\WINDOWS\DESKTOP\linux.davidson.cc.nc.us\student\public\p279.cpp <-- linux.davidson.cc.nc.us /student/public p279.cpp
99.07.05 14:57 B C:\WINDOWS\DESKTOP\linux.davidson.cc.nc.us\student\public\p297.cpp <-- linux.davidson.cc.nc.us /student/public p297.cpp
99.07.05 14:57 B C:\WINDOWS\DESKTOP\linux.davidson.cc.nc.us\student\public\p303.cpp <-- linux.davidson.cc.nc.us /student/public p303.cpp
99.07.05 14:57 B C:\WINDOWS\DESKTOP\linux.davidson.cc.nc.us\student\public\p308.cpp <-- linux.davidson.cc.nc.us /student/public p308.cpp
99.07.05 14:57 B C:\WINDOWS\DESKTOP\linux.davidson.cc.nc.us\student\public\p310.cpp <-- linux.davidson.cc.nc.us /student/public p310.cpp
99.07.05 14:57 B C:\WINDOWS\DESKTOP\linux.davidson.cc.nc.us\student\public\p317.cpp <-- linux.davidson.cc.nc.us /student/public p317.cpp
99.07.05 14:57 B C:\WINDOWS\DESKTOP\linux.davidson.cc.nc.us\student\public\p332.cpp <-- linux.davidson.cc.nc.us /student/public p332.cpp
99.07.05 14:57 B C:\WINDOWS\DESKTOP\linux.davidson.cc.nc.us\student\public\p345.cpp <-- linux.davidson.cc.nc.us /student/public p345.cpp
99.07.05 14:57 B C:\WINDOWS\DESKTOP\linux.davidson.cc.nc.us\student\public\p348.cpp <-- linux.davidson.cc.nc.us /student/public p348.cpp
99.07.05 14:57 B C:\WINDOWS\DESKTOP\linux.davidson.cc.nc.us\student\public\p349.cpp <-- linux.davidson.cc.nc.us /student/public p349.cpp
99.07.05 14:57 B C:\WINDOWS\DESKTOP\linux.davidson.cc.nc.us\student\public\p352.cpp <-- linux.davidson.cc.nc.us /student/public p352.cpp
99.07.05 14:57 B C:\WINDOWS\DESKTOP\linux.davidson.cc.nc.us\student\public\p356.cpp <-- linux.davidson.cc.nc.us /student/public p356.cpp
99.07.05 14:57 B C:\WINDOWS\DESKTOP\linux.davidson.cc.nc.us\student\public\p358.cpp <-- linux.davidson.cc.nc.us /student/public p358.cpp
99.07.05 14:57 B C:\WINDOWS\DESKTOP\linux.davidson.cc.nc.us\student\public\p365-367.cpp <-- linux.davidson.cc.nc.us /student/public p365-367.cpp
99.07.05 14:57 B C:\WINDOWS\DESKTOP\linux.davidson.cc.nc.us\student\public\p369.cpp <-- linux.davidson.cc.nc.us /student/public p369.cpp
99.07.05 14:57 B C:\WINDOWS\DESKTOP\linux.davidson.cc.nc.us\student\public\p370.cpp <-- linux.davidson.cc.nc.us /student/public p370.cpp
99.07.05 14:57 B C:\WINDOWS\DESKTOP\linux.davidson.cc.nc.us\student\public\p371.cpp <-- linux.davidson.cc.nc.us /student/public p371.cpp
99.07.05 14:57 B C:\WINDOWS\DESKTOP\linux.davidson.cc.nc.us\student\public\p373-376.cpp <-- linux.davidson.cc.nc.us /student/public p373-376.cpp
99.07.05 14:57 B C:\WINDOWS\DESKTOP\linux.davidson.cc.nc.us\student\public\p378.cpp <-- linux.davidson.cc.nc.us /student/public p378.cpp
99.07.05 14:57 B C:\WINDOWS\DESKTOP\linux.davidson.cc.nc.us\student\public\p381.cpp <-- linux.davidson.cc.nc.us /student/public p381.cpp
99.07.05 14:57 B C:\WINDOWS\DESKTOP\linux.davidson.cc.nc.us\student\public\p385.cpp <-- linux.davidson.cc.nc.us /student/public p385.cpp
99.07.05 14:57 B C:\WINDOWS\DESKTOP\linux.davidson.cc.nc.us\student\public\p395.cpp <-- linux.davidson.cc.nc.us /student/public p395.cpp
99.07.05 14:57 B C:\WINDOWS\DESKTOP\linux.davidson.cc.nc.us\student\public\p402.cpp <-- linux.davidson.cc.nc.us /student/public p402.cpp
99.07.05 14:57 B C:\WINDOWS\DESKTOP\linux.davidson.cc.nc.us\student\public\p405-406.cpp <-- linux.davidson.cc.nc.us /student/public p405-406.cpp
99.07.05 14:57 B C:\WINDOWS\DESKTOP\linux.davidson.cc.nc.us\student\public\p406.cpp <-- linux.davidson.cc.nc.us /student/public p406.cpp
99.07.05 14:57 B C:\WINDOWS\DESKTOP\linux.davidson.cc.nc.us\student\public\p418.cpp <-- linux.davidson.cc.nc.us /student/public p418.cpp
99.07.05 14:57 B C:\WINDOWS\DESKTOP\linux.davidson.cc.nc.us\student\public\p425.cpp <-- linux.davidson.cc.nc.us /student/public p425.cpp
99.07.05 14:57 B C:\WINDOWS\DESKTOP\linux.davidson.cc.nc.us\student\public\p428.cpp <-- linux.davidson.cc.nc.us /student/public p428.cpp
99.07.05 14:57 B C:\WINDOWS\DESKTOP\linux.davidson.cc.nc.us\student\public\p486.cpp <-- linux.davidson.cc.nc.us /student/public p486.cpp
99.07.05 14:57 B C:\WINDOWS\DESKTOP\linux.davidson.cc.nc.us\student\public\p502.cpp <-- linux.davidson.cc.nc.us /student/public p502.cpp
99.07.05 14:57 B C:\WINDOWS\DESKTOP\linux.davidson.cc.nc.us\student\public\p522.cpp <-- linux.davidson.cc.nc.us /student/public p522.cpp
99.07.05 14:57 B C:\WINDOWS\DESKTOP\linux.davidson.cc.nc.us\student\public\p525.cpp <-- linux.davidson.cc.nc.us /student/public p525.cpp
99.07.05 14:57 B C:\WINDOWS\DESKTOP\linux.davidson.cc.nc.us\student\public\p528.cpp <-- linux.davidson.cc.nc.us /student/public p528.cpp
99.07.05 14:57 B C:\WINDOWS\DESKTOP\linux.davidson.cc.nc.us\student\public\p529.cpp <-- linux.davidson.cc.nc.us /student/public p529.cpp
99.07.05 14:57 B C:\WINDOWS\DESKTOP\linux.davidson.cc.nc.us\student\public\p532.cpp <-- linux.davidson.cc.nc.us /student/public p532.cpp
99.07.05 14:57 B C:\WINDOWS\DESKTOP\linux.davidson.cc.nc.us\student\public\p534.cpp <-- linux.davidson.cc.nc.us /student/public p534.cpp
99.07.05 14:57 B C:\WINDOWS\DESKTOP\linux.davidson.cc.nc.us\student\public\p633.cpp <-- linux.davidson.cc.nc.us /student/public p633.cpp
99.07.05 14:57 B C:\WINDOWS\DESKTOP\linux.davidson.cc.nc.us\student\public\p635.cpp <-- linux.davidson.cc.nc.us /student/public p635.cpp
99.07.05 14:57 B C:\WINDOWS\DESKTOP\linux.davidson.cc.nc.us\student\public\p651.cpp <-- linux.davidson.cc.nc.us /student/public p651.cpp
99.07.05 14:57 B C:\WINDOWS\DESKTOP\linux.davidson.cc.nc.us\student\public\p653.cpp <-- linux.davidson.cc.nc.us /student/public p653.cpp
99.07.05 14:57 B C:\WINDOWS\DESKTOP\linux.davidson.cc.nc.us\student\public\p659.cpp <-- linux.davidson.cc.nc.us /student/public p659.cpp
99.07.05 14:57 B C:\WINDOWS\DESKTOP\linux.davidson.cc.nc.us\student\public\p685.cpp <-- linux.davidson.cc.nc.us /student/public p685.cpp
99.07.05 14:57 B C:\WINDOWS\DESKTOP\linux.davidson.cc.nc.us\student\public\p691.cpp <-- linux.davidson.cc.nc.us /student/public p691.cpp
99.07.05 14:57 B C:\WINDOWS\DESKTOP\linux.davidson.cc.nc.us\student\public\p719.cpp <-- linux.davidson.cc.nc.us /student/public p719.cpp
99.07.05 14:57 B C:\WINDOWS\DESKTOP\linux.davidson.cc.nc.us\student\public\p739.cpp <-- linux.davidson.cc.nc.us /student/public p739.cpp
99.07.05 14:57 B C:\WINDOWS\DESKTOP\linux.davidson.cc.nc.us\student\public\p758.cpp <-- linux.davidson.cc.nc.us /student/public p758.cpp
99.07.05 14:57 B C:\WINDOWS\DESKTOP\linux.davidson.cc.nc.us\student\public\p761.cpp <-- linux.davidson.cc.nc.us /student/public p761.cpp
99.07.05 14:57 B C:\WINDOWS\DESKTOP\linux.davidson.cc.nc.us\student\public\p765.cpp <-- linux.davidson.cc.nc.us /student/public p765.cpp
99.07.05 14:57 B C:\WINDOWS\DESKTOP\linux.davidson.cc.nc.us\student\public\p766.cpp <-- linux.davidson.cc.nc.us /student/public p766.cpp
99.07.05 14:57 B C:\WINDOWS\DESKTOP\linux.davidson.cc.nc.us\student\public\p767.cpp <-- linux.davidson.cc.nc.us /student/public p767.cpp
99.07.05 14:57 B C:\WINDOWS\DESKTOP\linux.davidson.cc.nc.us\student\public\p771.cpp <-- linux.davidson.cc.nc.us /student/public p771.cpp
99.07.05 14:58 B C:\WINDOWS\DESKTOP\linux.davidson.cc.nc.us\student\public\payroll.dat <-- linux.davidson.cc.nc.us /student/public payroll.dat
99.07.05 14:58 B C:\WINDOWS\DESKTOP\linux.davidson.cc.nc.us\student\public\pres.dat <-- linux.davidson.cc.nc.us /student/public pres.dat
99.07.05 14:58 B C:\WINDOWS\DESKTOP\linux.davidson.cc.nc.us\student\public\presiden.dat <-- linux.davidson.cc.nc.us /student/public presiden.dat
99.07.05 14:58 B C:\WINDOWS\DESKTOP\linux.davidson.cc.nc.us\student\public\quad <-- linux.davidson.cc.nc.us /student/public quad
99.07.05 14:58 B C:\WINDOWS\DESKTOP\linux.davidson.cc.nc.us\student\public\quad.h <-- linux.davidson.cc.nc.us /student/public quad.h
99.07.05 14:58 B C:\WINDOWS\DESKTOP\linux.davidson.cc.nc.us\student\public\quiz.dat <-- linux.davidson.cc.nc.us /student/public quiz.dat
99.07.05 14:58 B C:\WINDOWS\DESKTOP\linux.davidson.cc.nc.us\student\public\quizdata <-- linux.davidson.cc.nc.us /student/public quizdata
99.07.05 14:58 B C:\WINDOWS\DESKTOP\linux.davidson.cc.nc.us\student\public\quizdata.cpp <-- linux.davidson.cc.nc.us /student/public quizdata.cpp
99.07.05 14:58 B C:\WINDOWS\DESKTOP\linux.davidson.cc.nc.us\student\public\quizdata.h <-- linux.davidson.cc.nc.us /student/public quizdata.h
99.07.05 14:58 B C:\WINDOWS\DESKTOP\linux.davidson.cc.nc.us\student\public\retail <-- linux.davidson.cc.nc.us /student/public retail
99.07.05 14:58 B C:\WINDOWS\DESKTOP\linux.davidson.cc.nc.us\student\public\retail.cpp <-- linux.davidson.cc.nc.us /student/public retail.cpp
99.07.05 14:58 B C:\WINDOWS\DESKTOP\linux.davidson.cc.nc.us\student\public\retail.h <-- linux.davidson.cc.nc.us /student/public retail.h
99.07.05 14:58 B C:\WINDOWS\DESKTOP\linux.davidson.cc.nc.us\student\public\set <-- linux.davidson.cc.nc.us /student/public set
99.07.05 14:58 B C:\WINDOWS\DESKTOP\linux.davidson.cc.nc.us\student\public\set.h <-- linux.davidson.cc.nc.us /student/public set.h
99.07.05 14:58 B C:\WINDOWS\DESKTOP\linux.davidson.cc.nc.us\student\public\site <-- linux.davidson.cc.nc.us /student/public site
99.07.05 14:58 B C:\WINDOWS\DESKTOP\linux.davidson.cc.nc.us\student\public\site.cpp <-- linux.davidson.cc.nc.us /student/public site.cpp
99.07.05 14:58 B C:\WINDOWS\DESKTOP\linux.davidson.cc.nc.us\student\public\site.h <-- linux.davidson.cc.nc.us /student/public site.h
99.07.05 14:58 B C:\WINDOWS\DESKTOP\linux.davidson.cc.nc.us\student\public\sort.cpp <-- linux.davidson.cc.nc.us /student/public sort.cpp
99.07.05 14:58 B C:\WINDOWS\DESKTOP\linux.davidson.cc.nc.us\student\public\stats <-- linux.davidson.cc.nc.us /student/public stats
99.07.05 14:58 B C:\WINDOWS\DESKTOP\linux.davidson.cc.nc.us\student\public\string <-- linux.davidson.cc.nc.us /student/public string
99.07.05 14:58 B C:\WINDOWS\DESKTOP\linux.davidson.cc.nc.us\student\public\student <-- linux.davidson.cc.nc.us /student/public student
99.07.05 14:58 B C:\WINDOWS\DESKTOP\linux.davidson.cc.nc.us\student\public\student.h <-- linux.davidson.cc.nc.us /student/public student.h
99.07.05 14:58 B C:\WINDOWS\DESKTOP\linux.davidson.cc.nc.us\student\public\test10c.cpp <-- linux.davidson.cc.nc.us /student/public test10c.cpp
99.07.05 14:58 B C:\WINDOWS\DESKTOP\linux.davidson.cc.nc.us\student\public\test10f.cpp <-- linux.davidson.cc.nc.us /student/public test10f.cpp
99.07.05 14:58 B C:\WINDOWS\DESKTOP\linux.davidson.cc.nc.us\student\public\test10k.cpp <-- linux.davidson.cc.nc.us /student/public test10k.cpp
99.07.05 14:58 B C:\WINDOWS\DESKTOP\linux.davidson.cc.nc.us\student\public\test10n.cpp <-- linux.davidson.cc.nc.us /student/public test10n.cpp
99.07.05 14:58 B C:\WINDOWS\DESKTOP\linux.davidson.cc.nc.us\student\public\test10o.cpp <-- linux.davidson.cc.nc.us /student/public test10o.cpp
99.07.05 14:58 B C:\WINDOWS\DESKTOP\linux.davidson.cc.nc.us\student\public\test10oh.cpp <-- linux.davidson.cc.nc.us /student/public test10oh.cpp
99.07.05 14:58 B C:\WINDOWS\DESKTOP\linux.davidson.cc.nc.us\student\public\test11c.cpp <-- linux.davidson.cc.nc.us /student/public test11c.cpp
99.07.05 14:58 B C:\WINDOWS\DESKTOP\linux.davidson.cc.nc.us\student\public\test11d.cpp <-- linux.davidson.cc.nc.us /student/public test11d.cpp
99.07.05 14:58 B C:\WINDOWS\DESKTOP\linux.davidson.cc.nc.us\student\public\test11e.cpp <-- linux.davidson.cc.nc.us /student/public test11e.cpp
99.07.05 14:58 B C:\WINDOWS\DESKTOP\linux.davidson.cc.nc.us\student\public\test18a.cpp <-- linux.davidson.cc.nc.us /student/public test18a.cpp
99.07.05 14:58 B C:\WINDOWS\DESKTOP\linux.davidson.cc.nc.us\student\public\test18b.cpp <-- linux.davidson.cc.nc.us /student/public test18b.cpp
99.07.05 14:58 B C:\WINDOWS\DESKTOP\linux.davidson.cc.nc.us\student\public\test18c.cpp <-- linux.davidson.cc.nc.us /student/public test18c.cpp
99.07.05 14:58 B C:\WINDOWS\DESKTOP\linux.davidson.cc.nc.us\student\public\test5l.cpp <-- linux.davidson.cc.nc.us /student/public test5l.cpp
99.07.05 14:58 B C:\WINDOWS\DESKTOP\linux.davidson.cc.nc.us\student\public\test6d.cpp <-- linux.davidson.cc.nc.us /student/public test6d.cpp
99.07.05 14:58 B C:\WINDOWS\DESKTOP\linux.davidson.cc.nc.us\student\public\test6e.cpp <-- linux.davidson.cc.nc.us /student/public test6e.cpp
99.07.05 14:58 B C:\WINDOWS\DESKTOP\linux.davidson.cc.nc.us\student\public\test6f.cpp <-- linux.davidson.cc.nc.us /student/public test6f.cpp
99.07.05 14:58 B C:\WINDOWS\DESKTOP\linux.davidson.cc.nc.us\student\public\test6g.cpp <-- linux.davidson.cc.nc.us /student/public test6g.cpp
99.07.05 14:58 B C:\WINDOWS\DESKTOP\linux.davidson.cc.nc.us\student\public\test6h.cpp <-- linux.davidson.cc.nc.us /student/public test6h.cpp
99.07.05 14:58 B C:\WINDOWS\DESKTOP\linux.davidson.cc.nc.us\student\public\test7c.cpp <-- linux.davidson.cc.nc.us /student/public test7c.cpp
99.07.05 14:58 B C:\WINDOWS\DESKTOP\linux.davidson.cc.nc.us\student\public\test7d.cpp <-- linux.davidson.cc.nc.us /student/public test7d.cpp
99.07.05 14:58 B C:\WINDOWS\DESKTOP\linux.davidson.cc.nc.us\student\public\test7e.cpp <-- linux.davidson.cc.nc.us /student/public test7e.cpp
99.07.05 14:58 B C:\WINDOWS\DESKTOP\linux.davidson.cc.nc.us\student\public\test7f.cpp <-- linux.davidson.cc.nc.us /student/public test7f.cpp
99.07.05 14:58 B C:\WINDOWS\DESKTOP\linux.davidson.cc.nc.us\student\public\test7g.cpp <-- linux.davidson.cc.nc.us /student/public test7g.cpp
99.07.05 14:58 B C:\WINDOWS\DESKTOP\linux.davidson.cc.nc.us\student\public\test7h.cpp <-- linux.davidson.cc.nc.us /student/public test7h.cpp
99.07.05 14:58 B C:\WINDOWS\DESKTOP\linux.davidson.cc.nc.us\student\public\test7l.cpp <-- linux.davidson.cc.nc.us /student/public test7l.cpp
99.07.05 14:58 B C:\WINDOWS\DESKTOP\linux.davidson.cc.nc.us\student\public\test7n.cpp <-- linux.davidson.cc.nc.us /student/public test7n.cpp
99.07.05 14:58 B C:\WINDOWS\DESKTOP\linux.davidson.cc.nc.us\student\public\test8h.cpp <-- linux.davidson.cc.nc.us /student/public test8h.cpp
99.07.05 14:58 B C:\WINDOWS\DESKTOP\linux.davidson.cc.nc.us\student\public\test9m.cpp <-- linux.davidson.cc.nc.us /student/public test9m.cpp
99.07.05 14:58 B C:\WINDOWS\DESKTOP\linux.davidson.cc.nc.us\student\public\test_cd.cpp <-- linux.davidson.cc.nc.us /student/public test_cd.cpp
99.07.05 14:58 B C:\WINDOWS\DESKTOP\linux.davidson.cc.nc.us\student\public\test_cdcollection.cpp <-- linux.davidson.cc.nc.us /student/public test_cdcollection.cpp
99.07.05 14:58 B C:\WINDOWS\DESKTOP\linux.davidson.cc.nc.us\student\public\test_jukebox.cpp <-- linux.davidson.cc.nc.us /student/public test_jukebox.cpp
99.07.05 14:58 B C:\WINDOWS\DESKTOP\linux.davidson.cc.nc.us\student\public\test_track.cpp <-- linux.davidson.cc.nc.us /student/public test_track.cpp
99.07.05 14:58 B C:\WINDOWS\DESKTOP\linux.davidson.cc.nc.us\student\public\test_trackselector.cpp <-- linux.davidson.cc.nc.us /student/public test_trackselector.cpp
99.07.05 14:58 B C:\WINDOWS\DESKTOP\linux.davidson.cc.nc.us\student\public\testdate.cpp <-- linux.davidson.cc.nc.us /student/public testdate.cpp
99.07.05 14:58 B C:\WINDOWS\DESKTOP\linux.davidson.cc.nc.us\student\public\testjukebox.cpp <-- linux.davidson.cc.nc.us /student/public testjukebox.cpp
99.07.05 14:58 B C:\WINDOWS\DESKTOP\linux.davidson.cc.nc.us\student\public\testleli.cpp <-- linux.davidson.cc.nc.us /student/public testleli.cpp
99.07.05 14:58 B C:\WINDOWS\DESKTOP\linux.davidson.cc.nc.us\student\public\testlend.cpp <-- linux.davidson.cc.nc.us /student/public testlend.cpp
99.07.05 14:58 B C:\WINDOWS\DESKTOP\linux.davidson.cc.nc.us\student\public\track <-- linux.davidson.cc.nc.us /student/public track
99.07.05 14:58 B C:\WINDOWS\DESKTOP\linux.davidson.cc.nc.us\student\public\track.cpp <-- linux.davidson.cc.nc.us /student/public track.cpp
99.07.05 14:58 B C:\WINDOWS\DESKTOP\linux.davidson.cc.nc.us\student\public\track.h <-- linux.davidson.cc.nc.us /student/public track.h
99.07.05 14:58 B C:\WINDOWS\DESKTOP\linux.davidson.cc.nc.us\student\public\tracksel <-- linux.davidson.cc.nc.us /student/public tracksel
99.07.05 14:58 B C:\WINDOWS\DESKTOP\linux.davidson.cc.nc.us\student\public\tracksel.cpp <-- linux.davidson.cc.nc.us /student/public tracksel.cpp
99.07.05 14:58 B C:\WINDOWS\DESKTOP\linux.davidson.cc.nc.us\student\public\tracksel.h <-- linux.davidson.cc.nc.us /student/public tracksel.h
99.07.05 14:58 B C:\WINDOWS\DESKTOP\linux.davidson.cc.nc.us\student\public\users.cpp <-- linux.davidson.cc.nc.us /student/public users.cpp
99.07.05 14:59 B C:\WINDOWS\DESKTOP\linux.davidson.cc.nc.us\student\public\vector <-- linux.davidson.cc.nc.us /student/public vector
99.07.05 14:59 B C:\WINDOWS\DESKTOP\linux.davidson.cc.nc.us\student\public\weekemp <-- linux.davidson.cc.nc.us /student/public weekemp
99.07.05 14:59 B C:\WINDOWS\DESKTOP\linux.davidson.cc.nc.us\student\public\weekemp.cpp <-- linux.davidson.cc.nc.us /student/public weekemp.cpp
99.07.05 14:59 B C:\WINDOWS\DESKTOP\linux.davidson.cc.nc.us\student\public\weekemp.h <-- linux.davidson.cc.nc.us /student/public weekemp.h
99.07.05 14:59 B C:\WINDOWS\DESKTOP\linux.davidson.cc.nc.us\student\public\withdest <-- linux.davidson.cc.nc.us /student/public withdest
99.07.05 14:59 B C:\WINDOWS\DESKTOP\linux.davidson.cc.nc.us\student\public\withdest.cpp <-- linux.davidson.cc.nc.us /student/public withdest.cpp
99.07.05 14:59 B C:\WINDOWS\DESKTOP\linux.davidson.cc.nc.us\student\public\withdest.h <-- linux.davidson.cc.nc.us /student/public withdest.h
99.09.14 11:42 B D:\oldstuff\Internet Stuff\linux.davidson.cc.nc.us\STUDENT\PUBLIC\2H170681.DAT --> ftp.ncsu.edu /afs/unity.ncsu.edu/users/d/dfsamuel/linux.davidson.cc.nc.us/STUDENT/PUBLIC 2H170681.DAT
99.09.14 11:42 B D:\oldstuff\Internet Stuff\linux.davidson.cc.nc.us\STUDENT\PUBLIC\2R170681.DAT --> ftp.ncsu.edu /afs/unity.ncsu.edu/users/d/dfsamuel/linux.davidson.cc.nc.us/STUDENT/PUBLIC 2R170681.DAT
99.09.14 11:42 B D:\oldstuff\Internet Stuff\linux.davidson.cc.nc.us\STUDENT\PUBLIC\BACCOUNT --> ftp.ncsu.edu /afs/unity.ncsu.edu/users/d/dfsamuel/linux.davidson.cc.nc.us/STUDENT/PUBLIC BACCOUNT
99.09.14 11:42 B D:\oldstuff\Internet Stuff\linux.davidson.cc.nc.us\STUDENT\PUBLIC\BACCOUNT.CPP --> ftp.ncsu.edu /afs/unity.ncsu.edu/users/d/dfsamuel/linux.davidson.cc.nc.us/STUDENT/PUBLIC BACCOUNT.CPP
99.09.14 11:42 B D:\oldstuff\Internet Stuff\linux.davidson.cc.nc.us\STUDENT\PUBLIC\BACCOUNT.H --> ftp.ncsu.edu /afs/unity.ncsu.edu/users/d/dfsamuel/linux.davidson.cc.nc.us/STUDENT/PUBLIC BACCOUNT.H
99.09.14 11:42 B D:\oldstuff\Internet Stuff\linux.davidson.cc.nc.us\STUDENT\PUBLIC\BAG --> ftp.ncsu.edu /afs/unity.ncsu.edu/users/d/dfsamuel/linux.davidson.cc.nc.us/STUDENT/PUBLIC BAG
99.09.14 11:42 B D:\oldstuff\Internet Stuff\linux.davidson.cc.nc.us\STUDENT\PUBLIC\BAG.CPP --> ftp.ncsu.edu /afs/unity.ncsu.edu/users/d/dfsamuel/linux.davidson.cc.nc.us/STUDENT/PUBLIC BAG.CPP
99.09.14 11:42 B D:\oldstuff\Internet Stuff\linux.davidson.cc.nc.us\STUDENT\PUBLIC\BAG.H --> ftp.ncsu.edu /afs/unity.ncsu.edu/users/d/dfsamuel/linux.davidson.cc.nc.us/STUDENT/PUBLIC BAG.H
99.09.14 11:42 B D:\oldstuff\Internet Stuff\linux.davidson.cc.nc.us\STUDENT\PUBLIC\BANK.DAT --> ftp.ncsu.edu /afs/unity.ncsu.edu/users/d/dfsamuel/linux.davidson.cc.nc.us/STUDENT/PUBLIC BANK.DAT
99.09.14 11:42 B D:\oldstuff\Internet Stuff\linux.davidson.cc.nc.us\STUDENT\PUBLIC\BOOK.DAT --> ftp.ncsu.edu /afs/unity.ncsu.edu/users/d/dfsamuel/linux.davidson.cc.nc.us/STUDENT/PUBLIC BOOK.DAT
99.09.14 11:42 B D:\oldstuff\Internet Stuff\linux.davidson.cc.nc.us\STUDENT\PUBLIC\BOOL --> ftp.ncsu.edu /afs/unity.ncsu.edu/users/d/dfsamuel/linux.davidson.cc.nc.us/STUDENT/PUBLIC BOOL
99.09.14 11:42 B D:\oldstuff\Internet Stuff\linux.davidson.cc.nc.us\STUDENT\PUBLIC\CARDREAD --> ftp.ncsu.edu /afs/unity.ncsu.edu/users/d/dfsamuel/linux.davidson.cc.nc.us/STUDENT/PUBLIC CARDREAD
99.09.14 11:42 B D:\oldstuff\Internet Stuff\linux.davidson.cc.nc.us\STUDENT\PUBLIC\CARDREAD.CPP --> ftp.ncsu.edu /afs/unity.ncsu.edu/users/d/dfsamuel/linux.davidson.cc.nc.us/STUDENT/PUBLIC CARDREAD.CPP
99.09.14 11:42 B D:\oldstuff\Internet Stuff\linux.davidson.cc.nc.us\STUDENT\PUBLIC\CARDREAD.H --> ftp.ncsu.edu /afs/unity.ncsu.edu/users/d/dfsamuel/linux.davidson.cc.nc.us/STUDENT/PUBLIC CARDREAD.H
99.09.14 11:42 B D:\oldstuff\Internet Stuff\linux.davidson.cc.nc.us\STUDENT\PUBLIC\CASSERT.H --> ftp.ncsu.edu /afs/unity.ncsu.edu/users/d/dfsamuel/linux.davidson.cc.nc.us/STUDENT/PUBLIC CASSERT.H
99.09.14 11:42 B D:\oldstuff\Internet Stuff\linux.davidson.cc.nc.us\STUDENT\PUBLIC\CCTYPE.H --> ftp.ncsu.edu /afs/unity.ncsu.edu/users/d/dfsamuel/linux.davidson.cc.nc.us/STUDENT/PUBLIC CCTYPE.H
99.09.14 11:42 B D:\oldstuff\Internet Stuff\linux.davidson.cc.nc.us\STUDENT\PUBLIC\CD --> ftp.ncsu.edu /afs/unity.ncsu.edu/users/d/dfsamuel/linux.davidson.cc.nc.us/STUDENT/PUBLIC CD
99.09.14 11:42 B D:\oldstuff\Internet Stuff\linux.davidson.cc.nc.us\STUDENT\PUBLIC\CD.CPP --> ftp.ncsu.edu /afs/unity.ncsu.edu/users/d/dfsamuel/linux.davidson.cc.nc.us/STUDENT/PUBLIC CD.CPP
99.09.14 11:42 B D:\oldstuff\Internet Stuff\linux.davidson.cc.nc.us\STUDENT\PUBLIC\CD.DAT --> ftp.ncsu.edu /afs/unity.ncsu.edu/users/d/dfsamuel/linux.davidson.cc.nc.us/STUDENT/PUBLIC CD.DAT
99.09.14 11:42 B D:\oldstuff\Internet Stuff\linux.davidson.cc.nc.us\STUDENT\PUBLIC\CD.H --> ftp.ncsu.edu /afs/unity.ncsu.edu/users/d/dfsamuel/linux.davidson.cc.nc.us/STUDENT/PUBLIC CD.H
99.09.14 11:42 B D:\oldstuff\Internet Stuff\linux.davidson.cc.nc.us\STUDENT\PUBLIC\CDCOLLEC --> ftp.ncsu.edu /afs/unity.ncsu.edu/users/d/dfsamuel/linux.davidson.cc.nc.us/STUDENT/PUBLIC CDCOLLEC
99.09.14 11:42 B D:\oldstuff\Internet Stuff\linux.davidson.cc.nc.us\STUDENT\PUBLIC\CDCOLLEC.CPP --> ftp.ncsu.edu /afs/unity.ncsu.edu/users/d/dfsamuel/linux.davidson.cc.nc.us/STUDENT/PUBLIC CDCOLLEC.CPP
99.09.14 11:42 B D:\oldstuff\Internet Stuff\linux.davidson.cc.nc.us\STUDENT\PUBLIC\CDCOLLEC.H --> ftp.ncsu.edu /afs/unity.ncsu.edu/users/d/dfsamuel/linux.davidson.cc.nc.us/STUDENT/PUBLIC CDCOLLEC.H
99.09.14 11:42 B D:\oldstuff\Internet Stuff\linux.davidson.cc.nc.us\STUDENT\PUBLIC\CDDEFS.H --> ftp.ncsu.edu /afs/unity.ncsu.edu/users/d/dfsamuel/linux.davidson.cc.nc.us/STUDENT/PUBLIC CDDEFS.H
99.09.14 11:42 B D:\oldstuff\Internet Stuff\linux.davidson.cc.nc.us\STUDENT\PUBLIC\CDPLAYER --> ftp.ncsu.edu /afs/unity.ncsu.edu/users/d/dfsamuel/linux.davidson.cc.nc.us/STUDENT/PUBLIC CDPLAYER
99.09.14 11:42 B D:\oldstuff\Internet Stuff\linux.davidson.cc.nc.us\STUDENT\PUBLIC\CDPLAYER.CPP --> ftp.ncsu.edu /afs/unity.ncsu.edu/users/d/dfsamuel/linux.davidson.cc.nc.us/STUDENT/PUBLIC CDPLAYER.CPP
99.09.14 11:42 B D:\oldstuff\Internet Stuff\linux.davidson.cc.nc.us\STUDENT\PUBLIC\CDPLAYER.H --> ftp.ncsu.edu /afs/unity.ncsu.edu/users/d/dfsamuel/linux.davidson.cc.nc.us/STUDENT/PUBLIC CDPLAYER.H
99.09.14 11:42 B D:\oldstuff\Internet Stuff\linux.davidson.cc.nc.us\STUDENT\PUBLIC\CDSTUFF --> ftp.ncsu.edu /afs/unity.ncsu.edu/users/d/dfsamuel/linux.davidson.cc.nc.us/STUDENT/PUBLIC CDSTUFF
99.09.14 11:42 B D:\oldstuff\Internet Stuff\linux.davidson.cc.nc.us\STUDENT\PUBLIC\CDSTUFF.CPP --> ftp.ncsu.edu /afs/unity.ncsu.edu/users/d/dfsamuel/linux.davidson.cc.nc.us/STUDENT/PUBLIC CDSTUFF.CPP
99.09.14 11:42 B D:\oldstuff\Internet Stuff\linux.davidson.cc.nc.us\STUDENT\PUBLIC\CDSTUFF.H --> ftp.ncsu.edu /afs/unity.ncsu.edu/users/d/dfsamuel/linux.davidson.cc.nc.us/STUDENT/PUBLIC CDSTUFF.H
99.09.14 11:42 B D:\oldstuff\Internet Stuff\linux.davidson.cc.nc.us\STUDENT\PUBLIC\CHECKBK.CPP --> ftp.ncsu.edu /afs/unity.ncsu.edu/users/d/dfsamuel/linux.davidson.cc.nc.us/STUDENT/PUBLIC CHECKBK.CPP
99.09.14 11:42 B D:\oldstuff\Internet Stuff\linux.davidson.cc.nc.us\STUDENT\PUBLIC\CMATH --> ftp.ncsu.edu /afs/unity.ncsu.edu/users/d/dfsamuel/linux.davidson.cc.nc.us/STUDENT/PUBLIC CMATH
99.09.14 11:42 B D:\oldstuff\Internet Stuff\linux.davidson.cc.nc.us\STUDENT\PUBLIC\CMATH.H --> ftp.ncsu.edu /afs/unity.ncsu.edu/users/d/dfsamuel/linux.davidson.cc.nc.us/STUDENT/PUBLIC CMATH.H
99.09.14 11:42 B D:\oldstuff\Internet Stuff\linux.davidson.cc.nc.us\STUDENT\PUBLIC\COMPFUN --> ftp.ncsu.edu /afs/unity.ncsu.edu/users/d/dfsamuel/linux.davidson.cc.nc.us/STUDENT/PUBLIC COMPFUN
99.09.14 11:42 B D:\oldstuff\Internet Stuff\linux.davidson.cc.nc.us\STUDENT\PUBLIC\COMPFUN.CPP --> ftp.ncsu.edu /afs/unity.ncsu.edu/users/d/dfsamuel/linux.davidson.cc.nc.us/STUDENT/PUBLIC COMPFUN.CPP
99.09.14 11:42 B D:\oldstuff\Internet Stuff\linux.davidson.cc.nc.us\STUDENT\PUBLIC\COMPFUN.H --> ftp.ncsu.edu /afs/unity.ncsu.edu/users/d/dfsamuel/linux.davidson.cc.nc.us/STUDENT/PUBLIC COMPFUN.H
99.09.14 11:42 B D:\oldstuff\Internet Stuff\linux.davidson.cc.nc.us\STUDENT\PUBLIC\COMPLEX --> ftp.ncsu.edu /afs/unity.ncsu.edu/users/d/dfsamuel/linux.davidson.cc.nc.us/STUDENT/PUBLIC COMPLEX
99.09.14 11:42 B D:\oldstuff\Internet Stuff\linux.davidson.cc.nc.us\STUDENT\PUBLIC\COUNTER --> ftp.ncsu.edu /afs/unity.ncsu.edu/users/d/dfsamuel/linux.davidson.cc.nc.us/STUDENT/PUBLIC COUNTER
99.09.14 11:42 B D:\oldstuff\Internet Stuff\linux.davidson.cc.nc.us\STUDENT\PUBLIC\CSTDIO.CPP --> ftp.ncsu.edu /afs/unity.ncsu.edu/users/d/dfsamuel/linux.davidson.cc.nc.us/STUDENT/PUBLIC CSTDIO.CPP
99.09.14 11:42 B D:\oldstuff\Internet Stuff\linux.davidson.cc.nc.us\STUDENT\PUBLIC\CSTDIO.H --> ftp.ncsu.edu /afs/unity.ncsu.edu/users/d/dfsamuel/linux.davidson.cc.nc.us/STUDENT/PUBLIC CSTDIO.H
99.09.14 11:42 B D:\oldstuff\Internet Stuff\linux.davidson.cc.nc.us\STUDENT\PUBLIC\CSTDLIB.H --> ftp.ncsu.edu /afs/unity.ncsu.edu/users/d/dfsamuel/linux.davidson.cc.nc.us/STUDENT/PUBLIC CSTDLIB.H
99.09.14 11:42 B D:\oldstuff\Internet Stuff\linux.davidson.cc.nc.us\STUDENT\PUBLIC\CTIME.H --> ftp.ncsu.edu /afs/unity.ncsu.edu/users/d/dfsamuel/linux.davidson.cc.nc.us/STUDENT/PUBLIC CTIME.H
99.09.14 11:42 B D:\oldstuff\Internet Stuff\linux.davidson.cc.nc.us\STUDENT\PUBLIC\CURRENT.CPP --> ftp.ncsu.edu /afs/unity.ncsu.edu/users/d/dfsamuel/linux.davidson.cc.nc.us/STUDENT/PUBLIC CURRENT.CPP
99.09.14 11:42 B D:\oldstuff\Internet Stuff\linux.davidson.cc.nc.us\STUDENT\PUBLIC\DATE --> ftp.ncsu.edu /afs/unity.ncsu.edu/users/d/dfsamuel/linux.davidson.cc.nc.us/STUDENT/PUBLIC DATE
99.09.14 11:42 B D:\oldstuff\Internet Stuff\linux.davidson.cc.nc.us\STUDENT\PUBLIC\DATE.CPP --> ftp.ncsu.edu /afs/unity.ncsu.edu/users/d/dfsamuel/linux.davidson.cc.nc.us/STUDENT/PUBLIC DATE.CPP
99.09.14 11:42 B D:\oldstuff\Internet Stuff\linux.davidson.cc.nc.us\STUDENT\PUBLIC\DATE.H --> ftp.ncsu.edu /afs/unity.ncsu.edu/users/d/dfsamuel/linux.davidson.cc.nc.us/STUDENT/PUBLIC DATE.H
99.09.14 11:42 B D:\oldstuff\Internet Stuff\linux.davidson.cc.nc.us\STUDENT\PUBLIC\ELEVATOR --> ftp.ncsu.edu /afs/unity.ncsu.edu/users/d/dfsamuel/linux.davidson.cc.nc.us/STUDENT/PUBLIC ELEVATOR
99.09.14 11:42 B D:\oldstuff\Internet Stuff\linux.davidson.cc.nc.us\STUDENT\PUBLIC\ERRS --> ftp.ncsu.edu /afs/unity.ncsu.edu/users/d/dfsamuel/linux.davidson.cc.nc.us/STUDENT/PUBLIC ERRS
99.09.14 11:42 B D:\oldstuff\Internet Stuff\linux.davidson.cc.nc.us\STUDENT\PUBLIC\GENBAG --> ftp.ncsu.edu /afs/unity.ncsu.edu/users/d/dfsamuel/linux.davidson.cc.nc.us/STUDENT/PUBLIC GENBAG
99.09.14 11:42 B D:\oldstuff\Internet Stuff\linux.davidson.cc.nc.us\STUDENT\PUBLIC\GENBAG.H --> ftp.ncsu.edu /afs/unity.ncsu.edu/users/d/dfsamuel/linux.davidson.cc.nc.us/STUDENT/PUBLIC GENBAG.H
99.09.14 11:42 B D:\oldstuff\Internet Stuff\linux.davidson.cc.nc.us\STUDENT\PUBLIC\GETLINE.CPP --> ftp.ncsu.edu /afs/unity.ncsu.edu/users/d/dfsamuel/linux.davidson.cc.nc.us/STUDENT/PUBLIC GETLINE.CPP
99.09.14 11:42 B D:\oldstuff\Internet Stuff\linux.davidson.cc.nc.us\STUDENT\PUBLIC\GRID --> ftp.ncsu.edu /afs/unity.ncsu.edu/users/d/dfsamuel/linux.davidson.cc.nc.us/STUDENT/PUBLIC GRID
99.09.14 11:42 B D:\oldstuff\Internet Stuff\linux.davidson.cc.nc.us\STUDENT\PUBLIC\GRID.CPP --> ftp.ncsu.edu /afs/unity.ncsu.edu/users/d/dfsamuel/linux.davidson.cc.nc.us/STUDENT/PUBLIC GRID.CPP
99.09.14 11:42 B D:\oldstuff\Internet Stuff\linux.davidson.cc.nc.us\STUDENT\PUBLIC\GRID.H --> ftp.ncsu.edu /afs/unity.ncsu.edu/users/d/dfsamuel/linux.davidson.cc.nc.us/STUDENT/PUBLIC GRID.H
99.09.14 11:42 B D:\oldstuff\Internet Stuff\linux.davidson.cc.nc.us\STUDENT\PUBLIC\INPUT.DAT --> ftp.ncsu.edu /afs/unity.ncsu.edu/users/d/dfsamuel/linux.davidson.cc.nc.us/STUDENT/PUBLIC INPUT.DAT
99.09.14 11:42 B D:\oldstuff\Internet Stuff\linux.davidson.cc.nc.us\STUDENT\PUBLIC\IOSTREAM --> ftp.ncsu.edu /afs/unity.ncsu.edu/users/d/dfsamuel/linux.davidson.cc.nc.us/STUDENT/PUBLIC IOSTREAM
99.09.14 11:42 B D:\oldstuff\Internet Stuff\linux.davidson.cc.nc.us\STUDENT\PUBLIC\IRDEFS.H --> ftp.ncsu.edu /afs/unity.ncsu.edu/users/d/dfsamuel/linux.davidson.cc.nc.us/STUDENT/PUBLIC IRDEFS.H
99.09.14 11:42 B D:\oldstuff\Internet Stuff\linux.davidson.cc.nc.us\STUDENT\PUBLIC\IRDEV --> ftp.ncsu.edu /afs/unity.ncsu.edu/users/d/dfsamuel/linux.davidson.cc.nc.us/STUDENT/PUBLIC IRDEV
99.09.14 11:42 B D:\oldstuff\Internet Stuff\linux.davidson.cc.nc.us\STUDENT\PUBLIC\IRDEV.CPP --> ftp.ncsu.edu /afs/unity.ncsu.edu/users/d/dfsamuel/linux.davidson.cc.nc.us/STUDENT/PUBLIC IRDEV.CPP
99.09.14 11:42 B D:\oldstuff\Internet Stuff\linux.davidson.cc.nc.us\STUDENT\PUBLIC\IRDEV.H --> ftp.ncsu.edu /afs/unity.ncsu.edu/users/d/dfsamuel/linux.davidson.cc.nc.us/STUDENT/PUBLIC IRDEV.H
99.09.14 11:42 B D:\oldstuff\Internet Stuff\linux.davidson.cc.nc.us\STUDENT\PUBLIC\IRINFO.DAT --> ftp.ncsu.edu /afs/unity.ncsu.edu/users/d/dfsamuel/linux.davidson.cc.nc.us/STUDENT/PUBLIC IRINFO.DAT
99.09.14 11:42 B D:\oldstuff\Internet Stuff\linux.davidson.cc.nc.us\STUDENT\PUBLIC\IRUTILS.H --> ftp.ncsu.edu /afs/unity.ncsu.edu/users/d/dfsamuel/linux.davidson.cc.nc.us/STUDENT/PUBLIC IRUTILS.H
99.09.14 11:42 B D:\oldstuff\Internet Stuff\linux.davidson.cc.nc.us\STUDENT\PUBLIC\JUKEBOX --> ftp.ncsu.edu /afs/unity.ncsu.edu/users/d/dfsamuel/linux.davidson.cc.nc.us/STUDENT/PUBLIC JUKEBOX
99.09.14 11:42 B D:\oldstuff\Internet Stuff\linux.davidson.cc.nc.us\STUDENT\PUBLIC\JUKEBOX.CPP --> ftp.ncsu.edu /afs/unity.ncsu.edu/users/d/dfsamuel/linux.davidson.cc.nc.us/STUDENT/PUBLIC JUKEBOX.CPP
99.09.14 11:42 B D:\oldstuff\Internet Stuff\linux.davidson.cc.nc.us\STUDENT\PUBLIC\JUKEBOX.H --> ftp.ncsu.edu /afs/unity.ncsu.edu/users/d/dfsamuel/linux.davidson.cc.nc.us/STUDENT/PUBLIC JUKEBOX.H
99.09.14 11:42 B D:\oldstuff\Internet Stuff\linux.davidson.cc.nc.us\STUDENT\PUBLIC\LENDABLE --> ftp.ncsu.edu /afs/unity.ncsu.edu/users/d/dfsamuel/linux.davidson.cc.nc.us/STUDENT/PUBLIC LENDABLE
99.09.14 11:42 B D:\oldstuff\Internet Stuff\linux.davidson.cc.nc.us\STUDENT\PUBLIC\LENDABLE.CPP --> ftp.ncsu.edu /afs/unity.ncsu.edu/users/d/dfsamuel/linux.davidson.cc.nc.us/STUDENT/PUBLIC LENDABLE.CPP
99.09.14 11:42 B D:\oldstuff\Internet Stuff\linux.davidson.cc.nc.us\STUDENT\PUBLIC\LENDABLE.H --> ftp.ncsu.edu /afs/unity.ncsu.edu/users/d/dfsamuel/linux.davidson.cc.nc.us/STUDENT/PUBLIC LENDABLE.H
99.09.14 11:42 B D:\oldstuff\Internet Stuff\linux.davidson.cc.nc.us\STUDENT\PUBLIC\LENDLIST --> ftp.ncsu.edu /afs/unity.ncsu.edu/users/d/dfsamuel/linux.davidson.cc.nc.us/STUDENT/PUBLIC LENDLIST
99.09.14 11:42 B D:\oldstuff\Internet Stuff\linux.davidson.cc.nc.us\STUDENT\PUBLIC\LENDLIST.CPP --> ftp.ncsu.edu /afs/unity.ncsu.edu/users/d/dfsamuel/linux.davidson.cc.nc.us/STUDENT/PUBLIC LENDLIST.CPP
99.09.14 11:42 B D:\oldstuff\Internet Stuff\linux.davidson.cc.nc.us\STUDENT\PUBLIC\LENDLIST.H --> ftp.ncsu.edu /afs/unity.ncsu.edu/users/d/dfsamuel/linux.davidson.cc.nc.us/STUDENT/PUBLIC LENDLIST.H
99.09.14 11:42 B D:\oldstuff\Internet Stuff\linux.davidson.cc.nc.us\STUDENT\PUBLIC\LIBBOOK --> ftp.ncsu.edu /afs/unity.ncsu.edu/users/d/dfsamuel/linux.davidson.cc.nc.us/STUDENT/PUBLIC LIBBOOK
99.09.14 11:42 B D:\oldstuff\Internet Stuff\linux.davidson.cc.nc.us\STUDENT\PUBLIC\LIBBOOK.CPP --> ftp.ncsu.edu /afs/unity.ncsu.edu/users/d/dfsamuel/linux.davidson.cc.nc.us/STUDENT/PUBLIC LIBBOOK.CPP
99.09.14 11:42 B D:\oldstuff\Internet Stuff\linux.davidson.cc.nc.us\STUDENT\PUBLIC\LIBBOOK.H --> ftp.ncsu.edu /afs/unity.ncsu.edu/users/d/dfsamuel/linux.davidson.cc.nc.us/STUDENT/PUBLIC LIBBOOK.H
99.09.14 11:42 B D:\oldstuff\Internet Stuff\linux.davidson.cc.nc.us\STUDENT\PUBLIC\linearinterpolation.cpp --> ftp.ncsu.edu /afs/unity.ncsu.edu/users/d/dfsamuel/linux.davidson.cc.nc.us/STUDENT/PUBLIC linearinterpolation.cpp
99.09.14 11:42 B D:\oldstuff\Internet Stuff\linux.davidson.cc.nc.us\STUDENT\PUBLIC\linux_logo-3_0_tar.gz --> ftp.ncsu.edu /afs/unity.ncsu.edu/users/d/dfsamuel/linux.davidson.cc.nc.us/STUDENT/PUBLIC linux_logo-3_0_tar.gz
99.09.14 11:42 B D:\oldstuff\Internet Stuff\linux.davidson.cc.nc.us\STUDENT\PUBLIC\LLIST --> ftp.ncsu.edu /afs/unity.ncsu.edu/users/d/dfsamuel/linux.davidson.cc.nc.us/STUDENT/PUBLIC LLIST
99.09.14 11:42 B D:\oldstuff\Internet Stuff\linux.davidson.cc.nc.us\STUDENT\PUBLIC\LLIST.CPP --> ftp.ncsu.edu /afs/unity.ncsu.edu/users/d/dfsamuel/linux.davidson.cc.nc.us/STUDENT/PUBLIC LLIST.CPP
99.09.14 11:42 B D:\oldstuff\Internet Stuff\linux.davidson.cc.nc.us\STUDENT\PUBLIC\LLIST.H --> ftp.ncsu.edu /afs/unity.ncsu.edu/users/d/dfsamuel/linux.davidson.cc.nc.us/STUDENT/PUBLIC LLIST.H
99.09.14 11:42 B D:\oldstuff\Internet Stuff\linux.davidson.cc.nc.us\STUDENT\PUBLIC\LTCOMPLX --> ftp.ncsu.edu /afs/unity.ncsu.edu/users/d/dfsamuel/linux.davidson.cc.nc.us/STUDENT/PUBLIC LTCOMPLX
99.09.14 11:42 B D:\oldstuff\Internet Stuff\linux.davidson.cc.nc.us\STUDENT\PUBLIC\LTCOMPLX.CPP --> ftp.ncsu.edu /afs/unity.ncsu.edu/users/d/dfsamuel/linux.davidson.cc.nc.us/STUDENT/PUBLIC LTCOMPLX.CPP
99.09.14 11:42 B D:\oldstuff\Internet Stuff\linux.davidson.cc.nc.us\STUDENT\PUBLIC\LTCOMPLX.H --> ftp.ncsu.edu /afs/unity.ncsu.edu/users/d/dfsamuel/linux.davidson.cc.nc.us/STUDENT/PUBLIC LTCOMPLX.H
99.09.14 11:42 B D:\oldstuff\Internet Stuff\linux.davidson.cc.nc.us\STUDENT\PUBLIC\LTSTRING.CPP --> ftp.ncsu.edu /afs/unity.ncsu.edu/users/d/dfsamuel/linux.davidson.cc.nc.us/STUDENT/PUBLIC LTSTRING.CPP
99.09.14 11:42 B D:\oldstuff\Internet Stuff\linux.davidson.cc.nc.us\STUDENT\PUBLIC\LTSTRING.H --> ftp.ncsu.edu /afs/unity.ncsu.edu/users/d/dfsamuel/linux.davidson.cc.nc.us/STUDENT/PUBLIC LTSTRING.H
99.09.14 11:42 B D:\oldstuff\Internet Stuff\linux.davidson.cc.nc.us\STUDENT\PUBLIC\MAT2 --> ftp.ncsu.edu /afs/unity.ncsu.edu/users/d/dfsamuel/linux.davidson.cc.nc.us/STUDENT/PUBLIC MAT2
99.09.14 11:42 B D:\oldstuff\Internet Stuff\linux.davidson.cc.nc.us\STUDENT\PUBLIC\MATH --> ftp.ncsu.edu /afs/unity.ncsu.edu/users/d/dfsamuel/linux.davidson.cc.nc.us/STUDENT/PUBLIC MATH
99.09.14 11:42 B D:\oldstuff\Internet Stuff\linux.davidson.cc.nc.us\STUDENT\PUBLIC\MATRIX --> ftp.ncsu.edu /afs/unity.ncsu.edu/users/d/dfsamuel/linux.davidson.cc.nc.us/STUDENT/PUBLIC MATRIX
99.09.14 11:42 B D:\oldstuff\Internet Stuff\linux.davidson.cc.nc.us\STUDENT\PUBLIC\MYARRAY --> ftp.ncsu.edu /afs/unity.ncsu.edu/users/d/dfsamuel/linux.davidson.cc.nc.us/STUDENT/PUBLIC MYARRAY
99.09.14 11:42 B D:\oldstuff\Internet Stuff\linux.davidson.cc.nc.us\STUDENT\PUBLIC\MYARRAY.CPP --> ftp.ncsu.edu /afs/unity.ncsu.edu/users/d/dfsamuel/linux.davidson.cc.nc.us/STUDENT/PUBLIC MYARRAY.CPP
99.09.14 11:42 B D:\oldstuff\Internet Stuff\linux.davidson.cc.nc.us\STUDENT\PUBLIC\MYARRAY.H --> ftp.ncsu.edu /afs/unity.ncsu.edu/users/d/dfsamuel/linux.davidson.cc.nc.us/STUDENT/PUBLIC MYARRAY.H
99.09.14 11:42 B D:\oldstuff\Internet Stuff\linux.davidson.cc.nc.us\STUDENT\PUBLIC\NONAME01.CPP --> ftp.ncsu.edu /afs/unity.ncsu.edu/users/d/dfsamuel/linux.davidson.cc.nc.us/STUDENT/PUBLIC NONAME01.CPP
99.09.14 11:42 B D:\oldstuff\Internet Stuff\linux.davidson.cc.nc.us\STUDENT\PUBLIC\NUMBERS.DAT --> ftp.ncsu.edu /afs/unity.ncsu.edu/users/d/dfsamuel/linux.davidson.cc.nc.us/STUDENT/PUBLIC NUMBERS.DAT
99.09.14 11:42 B D:\oldstuff\Internet Stuff\linux.davidson.cc.nc.us\STUDENT\PUBLIC\ONE --> ftp.ncsu.edu /afs/unity.ncsu.edu/users/d/dfsamuel/linux.davidson.cc.nc.us/STUDENT/PUBLIC ONE
99.09.14 11:42 B D:\oldstuff\Internet Stuff\linux.davidson.cc.nc.us\STUDENT\PUBLIC\ONECD.DAT --> ftp.ncsu.edu /afs/unity.ncsu.edu/users/d/dfsamuel/linux.davidson.cc.nc.us/STUDENT/PUBLIC ONECD.DAT
99.09.14 11:42 B D:\oldstuff\Internet Stuff\linux.davidson.cc.nc.us\STUDENT\PUBLIC\OUT.DAT --> ftp.ncsu.edu /afs/unity.ncsu.edu/users/d/dfsamuel/linux.davidson.cc.nc.us/STUDENT/PUBLIC OUT.DAT
99.09.14 11:42 B D:\oldstuff\Internet Stuff\linux.davidson.cc.nc.us\STUDENT\PUBLIC\P017.CPP --> ftp.ncsu.edu /afs/unity.ncsu.edu/users/d/dfsamuel/linux.davidson.cc.nc.us/STUDENT/PUBLIC P017.CPP
99.09.14 11:42 B D:\oldstuff\Internet Stuff\linux.davidson.cc.nc.us\STUDENT\PUBLIC\P024.CPP --> ftp.ncsu.edu /afs/unity.ncsu.edu/users/d/dfsamuel/linux.davidson.cc.nc.us/STUDENT/PUBLIC P024.CPP
99.09.14 11:42 B D:\oldstuff\Internet Stuff\linux.davidson.cc.nc.us\STUDENT\PUBLIC\P031.CPP --> ftp.ncsu.edu /afs/unity.ncsu.edu/users/d/dfsamuel/linux.davidson.cc.nc.us/STUDENT/PUBLIC P031.CPP
99.09.14 11:42 B D:\oldstuff\Internet Stuff\linux.davidson.cc.nc.us\STUDENT\PUBLIC\P032.CPP --> ftp.ncsu.edu /afs/unity.ncsu.edu/users/d/dfsamuel/linux.davidson.cc.nc.us/STUDENT/PUBLIC P032.CPP
99.09.14 11:42 B D:\oldstuff\Internet Stuff\linux.davidson.cc.nc.us\STUDENT\PUBLIC\P040.CPP --> ftp.ncsu.edu /afs/unity.ncsu.edu/users/d/dfsamuel/linux.davidson.cc.nc.us/STUDENT/PUBLIC P040.CPP
99.09.14 11:42 B D:\oldstuff\Internet Stuff\linux.davidson.cc.nc.us\STUDENT\PUBLIC\P050.CPP --> ftp.ncsu.edu /afs/unity.ncsu.edu/users/d/dfsamuel/linux.davidson.cc.nc.us/STUDENT/PUBLIC P050.CPP
99.09.14 11:42 B D:\oldstuff\Internet Stuff\linux.davidson.cc.nc.us\STUDENT\PUBLIC\P052.CPP --> ftp.ncsu.edu /afs/unity.ncsu.edu/users/d/dfsamuel/linux.davidson.cc.nc.us/STUDENT/PUBLIC P052.CPP
99.09.14 11:42 B D:\oldstuff\Internet Stuff\linux.davidson.cc.nc.us\STUDENT\PUBLIC\P053.CPP --> ftp.ncsu.edu /afs/unity.ncsu.edu/users/d/dfsamuel/linux.davidson.cc.nc.us/STUDENT/PUBLIC P053.CPP
99.09.14 11:42 B D:\oldstuff\Internet Stuff\linux.davidson.cc.nc.us\STUDENT\PUBLIC\P067.CPP --> ftp.ncsu.edu /afs/unity.ncsu.edu/users/d/dfsamuel/linux.davidson.cc.nc.us/STUDENT/PUBLIC P067.CPP
99.09.14 11:42 B D:\oldstuff\Internet Stuff\linux.davidson.cc.nc.us\STUDENT\PUBLIC\P071.CPP --> ftp.ncsu.edu /afs/unity.ncsu.edu/users/d/dfsamuel/linux.davidson.cc.nc.us/STUDENT/PUBLIC P071.CPP
99.09.14 11:42 B D:\oldstuff\Internet Stuff\linux.davidson.cc.nc.us\STUDENT\PUBLIC\P077.CPP --> ftp.ncsu.edu /afs/unity.ncsu.edu/users/d/dfsamuel/linux.davidson.cc.nc.us/STUDENT/PUBLIC P077.CPP
99.09.14 11:42 B D:\oldstuff\Internet Stuff\linux.davidson.cc.nc.us\STUDENT\PUBLIC\P079.CPP --> ftp.ncsu.edu /afs/unity.ncsu.edu/users/d/dfsamuel/linux.davidson.cc.nc.us/STUDENT/PUBLIC P079.CPP
99.09.14 11:42 B D:\oldstuff\Internet Stuff\linux.davidson.cc.nc.us\STUDENT\PUBLIC\P084.CPP --> ftp.ncsu.edu /afs/unity.ncsu.edu/users/d/dfsamuel/linux.davidson.cc.nc.us/STUDENT/PUBLIC P084.CPP
99.09.14 11:42 B D:\oldstuff\Internet Stuff\linux.davidson.cc.nc.us\STUDENT\PUBLIC\P090.CPP --> ftp.ncsu.edu /afs/unity.ncsu.edu/users/d/dfsamuel/linux.davidson.cc.nc.us/STUDENT/PUBLIC P090.CPP
99.09.14 11:42 B D:\oldstuff\Internet Stuff\linux.davidson.cc.nc.us\STUDENT\PUBLIC\P093.CPP --> ftp.ncsu.edu /afs/unity.ncsu.edu/users/d/dfsamuel/linux.davidson.cc.nc.us/STUDENT/PUBLIC P093.CPP
99.09.14 11:42 B D:\oldstuff\Internet Stuff\linux.davidson.cc.nc.us\STUDENT\PUBLIC\P111.CPP --> ftp.ncsu.edu /afs/unity.ncsu.edu/users/d/dfsamuel/linux.davidson.cc.nc.us/STUDENT/PUBLIC P111.CPP
99.09.14 11:42 B D:\oldstuff\Internet Stuff\linux.davidson.cc.nc.us\STUDENT\PUBLIC\P113.CPP --> ftp.ncsu.edu /afs/unity.ncsu.edu/users/d/dfsamuel/linux.davidson.cc.nc.us/STUDENT/PUBLIC P113.CPP
99.09.14 11:42 B D:\oldstuff\Internet Stuff\linux.davidson.cc.nc.us\STUDENT\PUBLIC\P114.CPP --> ftp.ncsu.edu /afs/unity.ncsu.edu/users/d/dfsamuel/linux.davidson.cc.nc.us/STUDENT/PUBLIC P114.CPP
99.09.14 11:42 B D:\oldstuff\Internet Stuff\linux.davidson.cc.nc.us\STUDENT\PUBLIC\P115.CPP --> ftp.ncsu.edu /afs/unity.ncsu.edu/users/d/dfsamuel/linux.davidson.cc.nc.us/STUDENT/PUBLIC P115.CPP
99.09.14 11:42 B D:\oldstuff\Internet Stuff\linux.davidson.cc.nc.us\STUDENT\PUBLIC\P117.CPP --> ftp.ncsu.edu /afs/unity.ncsu.edu/users/d/dfsamuel/linux.davidson.cc.nc.us/STUDENT/PUBLIC P117.CPP
99.09.14 11:42 B D:\oldstuff\Internet Stuff\linux.davidson.cc.nc.us\STUDENT\PUBLIC\P118.CPP --> ftp.ncsu.edu /afs/unity.ncsu.edu/users/d/dfsamuel/linux.davidson.cc.nc.us/STUDENT/PUBLIC P118.CPP
99.09.14 11:42 B D:\oldstuff\Internet Stuff\linux.davidson.cc.nc.us\STUDENT\PUBLIC\P119.CPP --> ftp.ncsu.edu /afs/unity.ncsu.edu/users/d/dfsamuel/linux.davidson.cc.nc.us/STUDENT/PUBLIC P119.CPP
99.09.14 11:42 B D:\oldstuff\Internet Stuff\linux.davidson.cc.nc.us\STUDENT\PUBLIC\P124.CPP --> ftp.ncsu.edu /afs/unity.ncsu.edu/users/d/dfsamuel/linux.davidson.cc.nc.us/STUDENT/PUBLIC P124.CPP
99.09.14 11:42 B D:\oldstuff\Internet Stuff\linux.davidson.cc.nc.us\STUDENT\PUBLIC\P125.CPP --> ftp.ncsu.edu /afs/unity.ncsu.edu/users/d/dfsamuel/linux.davidson.cc.nc.us/STUDENT/PUBLIC P125.CPP
99.09.14 11:42 B D:\oldstuff\Internet Stuff\linux.davidson.cc.nc.us\STUDENT\PUBLIC\P127.CPP --> ftp.ncsu.edu /afs/unity.ncsu.edu/users/d/dfsamuel/linux.davidson.cc.nc.us/STUDENT/PUBLIC P127.CPP
99.09.14 11:42 B D:\oldstuff\Internet Stuff\linux.davidson.cc.nc.us\STUDENT\PUBLIC\P146.CPP --> ftp.ncsu.edu /afs/unity.ncsu.edu/users/d/dfsamuel/linux.davidson.cc.nc.us/STUDENT/PUBLIC P146.CPP
99.09.14 11:42 B D:\oldstuff\Internet Stuff\linux.davidson.cc.nc.us\STUDENT\PUBLIC\P148.CPP --> ftp.ncsu.edu /afs/unity.ncsu.edu/users/d/dfsamuel/linux.davidson.cc.nc.us/STUDENT/PUBLIC P148.CPP
99.09.14 11:42 B D:\oldstuff\Internet Stuff\linux.davidson.cc.nc.us\STUDENT\PUBLIC\P150.CPP --> ftp.ncsu.edu /afs/unity.ncsu.edu/users/d/dfsamuel/linux.davidson.cc.nc.us/STUDENT/PUBLIC P150.CPP
99.09.14 11:42 B D:\oldstuff\Internet Stuff\linux.davidson.cc.nc.us\STUDENT\PUBLIC\P155.CPP --> ftp.ncsu.edu /afs/unity.ncsu.edu/users/d/dfsamuel/linux.davidson.cc.nc.us/STUDENT/PUBLIC P155.CPP
99.09.14 11:42 B D:\oldstuff\Internet Stuff\linux.davidson.cc.nc.us\STUDENT\PUBLIC\P172.CPP --> ftp.ncsu.edu /afs/unity.ncsu.edu/users/d/dfsamuel/linux.davidson.cc.nc.us/STUDENT/PUBLIC P172.CPP
99.09.14 11:42 B D:\oldstuff\Internet Stuff\linux.davidson.cc.nc.us\STUDENT\PUBLIC\P173.CPP --> ftp.ncsu.edu /afs/unity.ncsu.edu/users/d/dfsamuel/linux.davidson.cc.nc.us/STUDENT/PUBLIC P173.CPP
99.09.14 11:42 B D:\oldstuff\Internet Stuff\linux.davidson.cc.nc.us\STUDENT\PUBLIC\P177.CPP --> ftp.ncsu.edu /afs/unity.ncsu.edu/users/d/dfsamuel/linux.davidson.cc.nc.us/STUDENT/PUBLIC P177.CPP
99.09.14 11:42 B D:\oldstuff\Internet Stuff\linux.davidson.cc.nc.us\STUDENT\PUBLIC\P179.CPP --> ftp.ncsu.edu /afs/unity.ncsu.edu/users/d/dfsamuel/linux.davidson.cc.nc.us/STUDENT/PUBLIC P179.CPP
99.09.14 11:42 B D:\oldstuff\Internet Stuff\linux.davidson.cc.nc.us\STUDENT\PUBLIC\P182.CPP --> ftp.ncsu.edu /afs/unity.ncsu.edu/users/d/dfsamuel/linux.davidson.cc.nc.us/STUDENT/PUBLIC P182.CPP
99.09.14 11:42 B D:\oldstuff\Internet Stuff\linux.davidson.cc.nc.us\STUDENT\PUBLIC\P196.CPP --> ftp.ncsu.edu /afs/unity.ncsu.edu/users/d/dfsamuel/linux.davidson.cc.nc.us/STUDENT/PUBLIC P196.CPP
99.09.14 11:42 B D:\oldstuff\Internet Stuff\linux.davidson.cc.nc.us\STUDENT\PUBLIC\P200.CPP --> ftp.ncsu.edu /afs/unity.ncsu.edu/users/d/dfsamuel/linux.davidson.cc.nc.us/STUDENT/PUBLIC P200.CPP
99.09.14 11:42 B D:\oldstuff\Internet Stuff\linux.davidson.cc.nc.us\STUDENT\PUBLIC\P218.CPP --> ftp.ncsu.edu /afs/unity.ncsu.edu/users/d/dfsamuel/linux.davidson.cc.nc.us/STUDENT/PUBLIC P218.CPP
99.09.14 11:42 B D:\oldstuff\Internet Stuff\linux.davidson.cc.nc.us\STUDENT\PUBLIC\P236.CPP --> ftp.ncsu.edu /afs/unity.ncsu.edu/users/d/dfsamuel/linux.davidson.cc.nc.us/STUDENT/PUBLIC P236.CPP
99.09.14 11:42 B D:\oldstuff\Internet Stuff\linux.davidson.cc.nc.us\STUDENT\PUBLIC\P243.CPP --> ftp.ncsu.edu /afs/unity.ncsu.edu/users/d/dfsamuel/linux.davidson.cc.nc.us/STUDENT/PUBLIC P243.CPP
99.09.14 11:42 B D:\oldstuff\Internet Stuff\linux.davidson.cc.nc.us\STUDENT\PUBLIC\P245.CPP --> ftp.ncsu.edu /afs/unity.ncsu.edu/users/d/dfsamuel/linux.davidson.cc.nc.us/STUDENT/PUBLIC P245.CPP
99.09.14 11:42 B D:\oldstuff\Internet Stuff\linux.davidson.cc.nc.us\STUDENT\PUBLIC\P247.CPP --> ftp.ncsu.edu /afs/unity.ncsu.edu/users/d/dfsamuel/linux.davidson.cc.nc.us/STUDENT/PUBLIC P247.CPP
99.09.14 11:42 B D:\oldstuff\Internet Stuff\linux.davidson.cc.nc.us\STUDENT\PUBLIC\P248.CPP --> ftp.ncsu.edu /afs/unity.ncsu.edu/users/d/dfsamuel/linux.davidson.cc.nc.us/STUDENT/PUBLIC P248.CPP
99.09.14 11:42 B D:\oldstuff\Internet Stuff\linux.davidson.cc.nc.us\STUDENT\PUBLIC\P252.CPP --> ftp.ncsu.edu /afs/unity.ncsu.edu/users/d/dfsamuel/linux.davidson.cc.nc.us/STUDENT/PUBLIC P252.CPP
99.09.14 11:42 B D:\oldstuff\Internet Stuff\linux.davidson.cc.nc.us\STUDENT\PUBLIC\P256.CPP --> ftp.ncsu.edu /afs/unity.ncsu.edu/users/d/dfsamuel/linux.davidson.cc.nc.us/STUDENT/PUBLIC P256.CPP
99.09.14 11:42 B D:\oldstuff\Internet Stuff\linux.davidson.cc.nc.us\STUDENT\PUBLIC\P269.CPP --> ftp.ncsu.edu /afs/unity.ncsu.edu/users/d/dfsamuel/linux.davidson.cc.nc.us/STUDENT/PUBLIC P269.CPP
99.09.14 11:42 B D:\oldstuff\Internet Stuff\linux.davidson.cc.nc.us\STUDENT\PUBLIC\P271.CPP --> ftp.ncsu.edu /afs/unity.ncsu.edu/users/d/dfsamuel/linux.davidson.cc.nc.us/STUDENT/PUBLIC P271.CPP
99.09.14 11:42 B D:\oldstuff\Internet Stuff\linux.davidson.cc.nc.us\STUDENT\PUBLIC\P275.CPP --> ftp.ncsu.edu /afs/unity.ncsu.edu/users/d/dfsamuel/linux.davidson.cc.nc.us/STUDENT/PUBLIC P275.CPP
99.09.14 11:42 B D:\oldstuff\Internet Stuff\linux.davidson.cc.nc.us\STUDENT\PUBLIC\P278.CPP --> ftp.ncsu.edu /afs/unity.ncsu.edu/users/d/dfsamuel/linux.davidson.cc.nc.us/STUDENT/PUBLIC P278.CPP
99.09.14 11:42 B D:\oldstuff\Internet Stuff\linux.davidson.cc.nc.us\STUDENT\PUBLIC\P279.CPP --> ftp.ncsu.edu /afs/unity.ncsu.edu/users/d/dfsamuel/linux.davidson.cc.nc.us/STUDENT/PUBLIC P279.CPP
99.09.14 11:42 B D:\oldstuff\Internet Stuff\linux.davidson.cc.nc.us\STUDENT\PUBLIC\P297.CPP --> ftp.ncsu.edu /afs/unity.ncsu.edu/users/d/dfsamuel/linux.davidson.cc.nc.us/STUDENT/PUBLIC P297.CPP
99.09.14 11:42 B D:\oldstuff\Internet Stuff\linux.davidson.cc.nc.us\STUDENT\PUBLIC\P303.CPP --> ftp.ncsu.edu /afs/unity.ncsu.edu/users/d/dfsamuel/linux.davidson.cc.nc.us/STUDENT/PUBLIC P303.CPP
99.09.14 11:42 B D:\oldstuff\Internet Stuff\linux.davidson.cc.nc.us\STUDENT\PUBLIC\P308.CPP --> ftp.ncsu.edu /afs/unity.ncsu.edu/users/d/dfsamuel/linux.davidson.cc.nc.us/STUDENT/PUBLIC P308.CPP
99.09.14 11:43 B D:\oldstuff\Internet Stuff\linux.davidson.cc.nc.us\STUDENT\PUBLIC\P310.CPP --> ftp.ncsu.edu /afs/unity.ncsu.edu/users/d/dfsamuel/linux.davidson.cc.nc.us/STUDENT/PUBLIC P310.CPP
99.09.14 11:43 B D:\oldstuff\Internet Stuff\linux.davidson.cc.nc.us\STUDENT\PUBLIC\P317.CPP --> ftp.ncsu.edu /afs/unity.ncsu.edu/users/d/dfsamuel/linux.davidson.cc.nc.us/STUDENT/PUBLIC P317.CPP
99.09.14 11:43 B D:\oldstuff\Internet Stuff\linux.davidson.cc.nc.us\STUDENT\PUBLIC\P332.CPP --> ftp.ncsu.edu /afs/unity.ncsu.edu/users/d/dfsamuel/linux.davidson.cc.nc.us/STUDENT/PUBLIC P332.CPP
99.09.14 11:43 B D:\oldstuff\Internet Stuff\linux.davidson.cc.nc.us\STUDENT\PUBLIC\P345.CPP --> ftp.ncsu.edu /afs/unity.ncsu.edu/users/d/dfsamuel/linux.davidson.cc.nc.us/STUDENT/PUBLIC P345.CPP
99.09.14 11:43 B D:\oldstuff\Internet Stuff\linux.davidson.cc.nc.us\STUDENT\PUBLIC\P348.CPP --> ftp.ncsu.edu /afs/unity.ncsu.edu/users/d/dfsamuel/linux.davidson.cc.nc.us/STUDENT/PUBLIC P348.CPP
99.09.14 11:43 B D:\oldstuff\Internet Stuff\linux.davidson.cc.nc.us\STUDENT\PUBLIC\P349.CPP --> ftp.ncsu.edu /afs/unity.ncsu.edu/users/d/dfsamuel/linux.davidson.cc.nc.us/STUDENT/PUBLIC P349.CPP
99.09.14 11:43 B D:\oldstuff\Internet Stuff\linux.davidson.cc.nc.us\STUDENT\PUBLIC\P352.CPP --> ftp.ncsu.edu /afs/unity.ncsu.edu/users/d/dfsamuel/linux.davidson.cc.nc.us/STUDENT/PUBLIC P352.CPP
99.09.14 11:43 B D:\oldstuff\Internet Stuff\linux.davidson.cc.nc.us\STUDENT\PUBLIC\P356.CPP --> ftp.ncsu.edu /afs/unity.ncsu.edu/users/d/dfsamuel/linux.davidson.cc.nc.us/STUDENT/PUBLIC P356.CPP
99.09.14 11:43 B D:\oldstuff\Internet Stuff\linux.davidson.cc.nc.us\STUDENT\PUBLIC\P358.CPP --> ftp.ncsu.edu /afs/unity.ncsu.edu/users/d/dfsamuel/linux.davidson.cc.nc.us/STUDENT/PUBLIC P358.CPP
99.09.14 11:43 B D:\oldstuff\Internet Stuff\linux.davidson.cc.nc.us\STUDENT\PUBLIC\P365-367.CPP --> ftp.ncsu.edu /afs/unity.ncsu.edu/users/d/dfsamuel/linux.davidson.cc.nc.us/STUDENT/PUBLIC P365-367.CPP
99.09.14 11:43 B D:\oldstuff\Internet Stuff\linux.davidson.cc.nc.us\STUDENT\PUBLIC\P369.CPP --> ftp.ncsu.edu /afs/unity.ncsu.edu/users/d/dfsamuel/linux.davidson.cc.nc.us/STUDENT/PUBLIC P369.CPP
99.09.14 11:43 B D:\oldstuff\Internet Stuff\linux.davidson.cc.nc.us\STUDENT\PUBLIC\P370.CPP --> ftp.ncsu.edu /afs/unity.ncsu.edu/users/d/dfsamuel/linux.davidson.cc.nc.us/STUDENT/PUBLIC P370.CPP
99.09.14 11:43 B D:\oldstuff\Internet Stuff\linux.davidson.cc.nc.us\STUDENT\PUBLIC\P371.CPP --> ftp.ncsu.edu /afs/unity.ncsu.edu/users/d/dfsamuel/linux.davidson.cc.nc.us/STUDENT/PUBLIC P371.CPP
99.09.14 11:43 B D:\oldstuff\Internet Stuff\linux.davidson.cc.nc.us\STUDENT\PUBLIC\P373-376.CPP --> ftp.ncsu.edu /afs/unity.ncsu.edu/users/d/dfsamuel/linux.davidson.cc.nc.us/STUDENT/PUBLIC P373-376.CPP
99.09.14 11:43 B D:\oldstuff\Internet Stuff\linux.davidson.cc.nc.us\STUDENT\PUBLIC\P378.CPP --> ftp.ncsu.edu /afs/unity.ncsu.edu/users/d/dfsamuel/linux.davidson.cc.nc.us/STUDENT/PUBLIC P378.CPP
99.09.14 11:43 B D:\oldstuff\Internet Stuff\linux.davidson.cc.nc.us\STUDENT\PUBLIC\P381.CPP --> ftp.ncsu.edu /afs/unity.ncsu.edu/users/d/dfsamuel/linux.davidson.cc.nc.us/STUDENT/PUBLIC P381.CPP
99.09.14 11:43 B D:\oldstuff\Internet Stuff\linux.davidson.cc.nc.us\STUDENT\PUBLIC\P385.CPP --> ftp.ncsu.edu /afs/unity.ncsu.edu/users/d/dfsamuel/linux.davidson.cc.nc.us/STUDENT/PUBLIC P385.CPP
99.09.14 11:43 B D:\oldstuff\Internet Stuff\linux.davidson.cc.nc.us\STUDENT\PUBLIC\P395.CPP --> ftp.ncsu.edu /afs/unity.ncsu.edu/users/d/dfsamuel/linux.davidson.cc.nc.us/STUDENT/PUBLIC P395.CPP
99.09.14 11:43 B D:\oldstuff\Internet Stuff\linux.davidson.cc.nc.us\STUDENT\PUBLIC\P402.CPP --> ftp.ncsu.edu /afs/unity.ncsu.edu/users/d/dfsamuel/linux.davidson.cc.nc.us/STUDENT/PUBLIC P402.CPP
99.09.14 11:43 B D:\oldstuff\Internet Stuff\linux.davidson.cc.nc.us\STUDENT\PUBLIC\P405-406.CPP --> ftp.ncsu.edu /afs/unity.ncsu.edu/users/d/dfsamuel/linux.davidson.cc.nc.us/STUDENT/PUBLIC P405-406.CPP
99.09.14 11:43 B D:\oldstuff\Internet Stuff\linux.davidson.cc.nc.us\STUDENT\PUBLIC\P406.CPP --> ftp.ncsu.edu /afs/unity.ncsu.edu/users/d/dfsamuel/linux.davidson.cc.nc.us/STUDENT/PUBLIC P406.CPP
99.09.14 11:43 B D:\oldstuff\Internet Stuff\linux.davidson.cc.nc.us\STUDENT\PUBLIC\P418.CPP --> ftp.ncsu.edu /afs/unity.ncsu.edu/users/d/dfsamuel/linux.davidson.cc.nc.us/STUDENT/PUBLIC P418.CPP
99.09.14 11:43 B D:\oldstuff\Internet Stuff\linux.davidson.cc.nc.us\STUDENT\PUBLIC\P425.CPP --> ftp.ncsu.edu /afs/unity.ncsu.edu/users/d/dfsamuel/linux.davidson.cc.nc.us/STUDENT/PUBLIC P425.CPP
99.09.14 11:43 B D:\oldstuff\Internet Stuff\linux.davidson.cc.nc.us\STUDENT\PUBLIC\P428.CPP --> ftp.ncsu.edu /afs/unity.ncsu.edu/users/d/dfsamuel/linux.davidson.cc.nc.us/STUDENT/PUBLIC P428.CPP
99.09.14 11:43 B D:\oldstuff\Internet Stuff\linux.davidson.cc.nc.us\STUDENT\PUBLIC\P486.CPP --> ftp.ncsu.edu /afs/unity.ncsu.edu/users/d/dfsamuel/linux.davidson.cc.nc.us/STUDENT/PUBLIC P486.CPP
99.09.14 11:43 B D:\oldstuff\Internet Stuff\linux.davidson.cc.nc.us\STUDENT\PUBLIC\P502.CPP --> ftp.ncsu.edu /afs/unity.ncsu.edu/users/d/dfsamuel/linux.davidson.cc.nc.us/STUDENT/PUBLIC P502.CPP
99.09.14 11:43 B D:\oldstuff\Internet Stuff\linux.davidson.cc.nc.us\STUDENT\PUBLIC\P522.CPP --> ftp.ncsu.edu /afs/unity.ncsu.edu/users/d/dfsamuel/linux.davidson.cc.nc.us/STUDENT/PUBLIC P522.CPP
99.09.14 11:43 B D:\oldstuff\Internet Stuff\linux.davidson.cc.nc.us\STUDENT\PUBLIC\P525.CPP --> ftp.ncsu.edu /afs/unity.ncsu.edu/users/d/dfsamuel/linux.davidson.cc.nc.us/STUDENT/PUBLIC P525.CPP
99.09.14 11:43 B D:\oldstuff\Internet Stuff\linux.davidson.cc.nc.us\STUDENT\PUBLIC\P528.CPP --> ftp.ncsu.edu /afs/unity.ncsu.edu/users/d/dfsamuel/linux.davidson.cc.nc.us/STUDENT/PUBLIC P528.CPP
99.09.14 11:43 B D:\oldstuff\Internet Stuff\linux.davidson.cc.nc.us\STUDENT\PUBLIC\P529.CPP --> ftp.ncsu.edu /afs/unity.ncsu.edu/users/d/dfsamuel/linux.davidson.cc.nc.us/STUDENT/PUBLIC P529.CPP
99.09.14 11:43 B D:\oldstuff\Internet Stuff\linux.davidson.cc.nc.us\STUDENT\PUBLIC\P532.CPP --> ftp.ncsu.edu /afs/unity.ncsu.edu/users/d/dfsamuel/linux.davidson.cc.nc.us/STUDENT/PUBLIC P532.CPP
99.09.14 11:43 B D:\oldstuff\Internet Stuff\linux.davidson.cc.nc.us\STUDENT\PUBLIC\P534.CPP --> ftp.ncsu.edu /afs/unity.ncsu.edu/users/d/dfsamuel/linux.davidson.cc.nc.us/STUDENT/PUBLIC P534.CPP
99.09.14 11:43 B D:\oldstuff\Internet Stuff\linux.davidson.cc.nc.us\STUDENT\PUBLIC\P633.CPP --> ftp.ncsu.edu /afs/unity.ncsu.edu/users/d/dfsamuel/linux.davidson.cc.nc.us/STUDENT/PUBLIC P633.CPP
99.09.14 11:43 B D:\oldstuff\Internet Stuff\linux.davidson.cc.nc.us\STUDENT\PUBLIC\P635.CPP --> ftp.ncsu.edu /afs/unity.ncsu.edu/users/d/dfsamuel/linux.davidson.cc.nc.us/STUDENT/PUBLIC P635.CPP
99.09.14 11:43 B D:\oldstuff\Internet Stuff\linux.davidson.cc.nc.us\STUDENT\PUBLIC\P651.CPP --> ftp.ncsu.edu /afs/unity.ncsu.edu/users/d/dfsamuel/linux.davidson.cc.nc.us/STUDENT/PUBLIC P651.CPP
99.09.14 11:43 B D:\oldstuff\Internet Stuff\linux.davidson.cc.nc.us\STUDENT\PUBLIC\P653.CPP --> ftp.ncsu.edu /afs/unity.ncsu.edu/users/d/dfsamuel/linux.davidson.cc.nc.us/STUDENT/PUBLIC P653.CPP
99.09.14 11:43 B D:\oldstuff\Internet Stuff\linux.davidson.cc.nc.us\STUDENT\PUBLIC\P659.CPP --> ftp.ncsu.edu /afs/unity.ncsu.edu/users/d/dfsamuel/linux.davidson.cc.nc.us/STUDENT/PUBLIC P659.CPP
99.09.14 11:43 B D:\oldstuff\Internet Stuff\linux.davidson.cc.nc.us\STUDENT\PUBLIC\P685.CPP --> ftp.ncsu.edu /afs/unity.ncsu.edu/users/d/dfsamuel/linux.davidson.cc.nc.us/STUDENT/PUBLIC P685.CPP
99.09.14 11:43 B D:\oldstuff\Internet Stuff\linux.davidson.cc.nc.us\STUDENT\PUBLIC\P691.CPP --> ftp.ncsu.edu /afs/unity.ncsu.edu/users/d/dfsamuel/linux.davidson.cc.nc.us/STUDENT/PUBLIC P691.CPP
99.09.14 11:43 B D:\oldstuff\Internet Stuff\linux.davidson.cc.nc.us\STUDENT\PUBLIC\P719.CPP --> ftp.ncsu.edu /afs/unity.ncsu.edu/users/d/dfsamuel/linux.davidson.cc.nc.us/STUDENT/PUBLIC P719.CPP
99.09.14 11:43 B D:\oldstuff\Internet Stuff\linux.davidson.cc.nc.us\STUDENT\PUBLIC\P739.CPP --> ftp.ncsu.edu /afs/unity.ncsu.edu/users/d/dfsamuel/linux.davidson.cc.nc.us/STUDENT/PUBLIC P739.CPP
99.09.14 11:43 B D:\oldstuff\Internet Stuff\linux.davidson.cc.nc.us\STUDENT\PUBLIC\P758.CPP --> ftp.ncsu.edu /afs/unity.ncsu.edu/users/d/dfsamuel/linux.davidson.cc.nc.us/STUDENT/PUBLIC P758.CPP
99.09.14 11:43 B D:\oldstuff\Internet Stuff\linux.davidson.cc.nc.us\STUDENT\PUBLIC\P761.CPP --> ftp.ncsu.edu /afs/unity.ncsu.edu/users/d/dfsamuel/linux.davidson.cc.nc.us/STUDENT/PUBLIC P761.CPP
99.09.14 11:43 B D:\oldstuff\Internet Stuff\linux.davidson.cc.nc.us\STUDENT\PUBLIC\P765.CPP --> ftp.ncsu.edu /afs/unity.ncsu.edu/users/d/dfsamuel/linux.davidson.cc.nc.us/STUDENT/PUBLIC P765.CPP
99.09.14 11:43 B D:\oldstuff\Internet Stuff\linux.davidson.cc.nc.us\STUDENT\PUBLIC\P766.CPP --> ftp.ncsu.edu /afs/unity.ncsu.edu/users/d/dfsamuel/linux.davidson.cc.nc.us/STUDENT/PUBLIC P766.CPP
99.09.14 11:43 B D:\oldstuff\Internet Stuff\linux.davidson.cc.nc.us\STUDENT\PUBLIC\P767.CPP --> ftp.ncsu.edu /afs/unity.ncsu.edu/users/d/dfsamuel/linux.davidson.cc.nc.us/STUDENT/PUBLIC P767.CPP
99.09.14 11:43 B D:\oldstuff\Internet Stuff\linux.davidson.cc.nc.us\STUDENT\PUBLIC\P771.CPP --> ftp.ncsu.edu /afs/unity.ncsu.edu/users/d/dfsamuel/linux.davidson.cc.nc.us/STUDENT/PUBLIC P771.CPP
99.09.14 11:43 B D:\oldstuff\Internet Stuff\linux.davidson.cc.nc.us\STUDENT\PUBLIC\PAYROLL.DAT --> ftp.ncsu.edu /afs/unity.ncsu.edu/users/d/dfsamuel/linux.davidson.cc.nc.us/STUDENT/PUBLIC PAYROLL.DAT
99.09.14 11:43 B D:\oldstuff\Internet Stuff\linux.davidson.cc.nc.us\STUDENT\PUBLIC\PRES.DAT --> ftp.ncsu.edu /afs/unity.ncsu.edu/users/d/dfsamuel/linux.davidson.cc.nc.us/STUDENT/PUBLIC PRES.DAT
99.09.14 11:43 B D:\oldstuff\Internet Stuff\linux.davidson.cc.nc.us\STUDENT\PUBLIC\PRESIDEN.DAT --> ftp.ncsu.edu /afs/unity.ncsu.edu/users/d/dfsamuel/linux.davidson.cc.nc.us/STUDENT/PUBLIC PRESIDEN.DAT
99.09.14 11:43 B D:\oldstuff\Internet Stuff\linux.davidson.cc.nc.us\STUDENT\PUBLIC\QUAD --> ftp.ncsu.edu /afs/unity.ncsu.edu/users/d/dfsamuel/linux.davidson.cc.nc.us/STUDENT/PUBLIC QUAD
99.09.14 11:43 B D:\oldstuff\Internet Stuff\linux.davidson.cc.nc.us\STUDENT\PUBLIC\QUAD.H --> ftp.ncsu.edu /afs/unity.ncsu.edu/users/d/dfsamuel/linux.davidson.cc.nc.us/STUDENT/PUBLIC QUAD.H
99.09.14 11:43 B D:\oldstuff\Internet Stuff\linux.davidson.cc.nc.us\STUDENT\PUBLIC\QUIZ.DAT --> ftp.ncsu.edu /afs/unity.ncsu.edu/users/d/dfsamuel/linux.davidson.cc.nc.us/STUDENT/PUBLIC QUIZ.DAT
99.09.14 11:43 B D:\oldstuff\Internet Stuff\linux.davidson.cc.nc.us\STUDENT\PUBLIC\QUIZDATA --> ftp.ncsu.edu /afs/unity.ncsu.edu/users/d/dfsamuel/linux.davidson.cc.nc.us/STUDENT/PUBLIC QUIZDATA
99.09.14 11:43 B D:\oldstuff\Internet Stuff\linux.davidson.cc.nc.us\STUDENT\PUBLIC\QUIZDATA.CPP --> ftp.ncsu.edu /afs/unity.ncsu.edu/users/d/dfsamuel/linux.davidson.cc.nc.us/STUDENT/PUBLIC QUIZDATA.CPP
99.09.14 11:43 B D:\oldstuff\Internet Stuff\linux.davidson.cc.nc.us\STUDENT\PUBLIC\QUIZDATA.H --> ftp.ncsu.edu /afs/unity.ncsu.edu/users/d/dfsamuel/linux.davidson.cc.nc.us/STUDENT/PUBLIC QUIZDATA.H
99.09.14 11:43 B D:\oldstuff\Internet Stuff\linux.davidson.cc.nc.us\STUDENT\PUBLIC\RETAIL --> ftp.ncsu.edu /afs/unity.ncsu.edu/users/d/dfsamuel/linux.davidson.cc.nc.us/STUDENT/PUBLIC RETAIL
99.09.14 11:43 B D:\oldstuff\Internet Stuff\linux.davidson.cc.nc.us\STUDENT\PUBLIC\RETAIL.CPP --> ftp.ncsu.edu /afs/unity.ncsu.edu/users/d/dfsamuel/linux.davidson.cc.nc.us/STUDENT/PUBLIC RETAIL.CPP
99.09.14 11:43 B D:\oldstuff\Internet Stuff\linux.davidson.cc.nc.us\STUDENT\PUBLIC\RETAIL.H --> ftp.ncsu.edu /afs/unity.ncsu.edu/users/d/dfsamuel/linux.davidson.cc.nc.us/STUDENT/PUBLIC RETAIL.H
99.09.14 11:43 B D:\oldstuff\Internet Stuff\linux.davidson.cc.nc.us\STUDENT\PUBLIC\SET --> ftp.ncsu.edu /afs/unity.ncsu.edu/users/d/dfsamuel/linux.davidson.cc.nc.us/STUDENT/PUBLIC SET
99.09.14 11:43 B D:\oldstuff\Internet Stuff\linux.davidson.cc.nc.us\STUDENT\PUBLIC\SET.H --> ftp.ncsu.edu /afs/unity.ncsu.edu/users/d/dfsamuel/linux.davidson.cc.nc.us/STUDENT/PUBLIC SET.H
99.09.14 11:43 B D:\oldstuff\Internet Stuff\linux.davidson.cc.nc.us\STUDENT\PUBLIC\SITE --> ftp.ncsu.edu /afs/unity.ncsu.edu/users/d/dfsamuel/linux.davidson.cc.nc.us/STUDENT/PUBLIC SITE
99.09.14 11:43 B D:\oldstuff\Internet Stuff\linux.davidson.cc.nc.us\STUDENT\PUBLIC\SITE.CPP --> ftp.ncsu.edu /afs/unity.ncsu.edu/users/d/dfsamuel/linux.davidson.cc.nc.us/STUDENT/PUBLIC SITE.CPP
99.09.14 11:43 B D:\oldstuff\Internet Stuff\linux.davidson.cc.nc.us\STUDENT\PUBLIC\SITE.H --> ftp.ncsu.edu /afs/unity.ncsu.edu/users/d/dfsamuel/linux.davidson.cc.nc.us/STUDENT/PUBLIC SITE.H
99.09.14 11:43 B D:\oldstuff\Internet Stuff\linux.davidson.cc.nc.us\STUDENT\PUBLIC\SORT.CPP --> ftp.ncsu.edu /afs/unity.ncsu.edu/users/d/dfsamuel/linux.davidson.cc.nc.us/STUDENT/PUBLIC SORT.CPP
99.09.14 11:43 B D:\oldstuff\Internet Stuff\linux.davidson.cc.nc.us\STUDENT\PUBLIC\STATS --> ftp.ncsu.edu /afs/unity.ncsu.edu/users/d/dfsamuel/linux.davidson.cc.nc.us/STUDENT/PUBLIC STATS
99.09.14 11:43 B D:\oldstuff\Internet Stuff\linux.davidson.cc.nc.us\STUDENT\PUBLIC\STRING --> ftp.ncsu.edu /afs/unity.ncsu.edu/users/d/dfsamuel/linux.davidson.cc.nc.us/STUDENT/PUBLIC STRING
99.09.14 11:43 B D:\oldstuff\Internet Stuff\linux.davidson.cc.nc.us\STUDENT\PUBLIC\STUDENT --> ftp.ncsu.edu /afs/unity.ncsu.edu/users/d/dfsamuel/linux.davidson.cc.nc.us/STUDENT/PUBLIC STUDENT
99.09.14 11:43 B D:\oldstuff\Internet Stuff\linux.davidson.cc.nc.us\STUDENT\PUBLIC\STUDENT.H --> ftp.ncsu.edu /afs/unity.ncsu.edu/users/d/dfsamuel/linux.davidson.cc.nc.us/STUDENT/PUBLIC STUDENT.H
99.09.14 11:43 B D:\oldstuff\Internet Stuff\linux.davidson.cc.nc.us\STUDENT\PUBLIC\TEST10C.CPP --> ftp.ncsu.edu /afs/unity.ncsu.edu/users/d/dfsamuel/linux.davidson.cc.nc.us/STUDENT/PUBLIC TEST10C.CPP
99.09.14 11:43 B D:\oldstuff\Internet Stuff\linux.davidson.cc.nc.us\STUDENT\PUBLIC\TEST10F.CPP --> ftp.ncsu.edu /afs/unity.ncsu.edu/users/d/dfsamuel/linux.davidson.cc.nc.us/STUDENT/PUBLIC TEST10F.CPP
99.09.14 11:43 B D:\oldstuff\Internet Stuff\linux.davidson.cc.nc.us\STUDENT\PUBLIC\TEST10K.CPP --> ftp.ncsu.edu /afs/unity.ncsu.edu/users/d/dfsamuel/linux.davidson.cc.nc.us/STUDENT/PUBLIC TEST10K.CPP
99.09.14 11:43 B D:\oldstuff\Internet Stuff\linux.davidson.cc.nc.us\STUDENT\PUBLIC\TEST10N.CPP --> ftp.ncsu.edu /afs/unity.ncsu.edu/users/d/dfsamuel/linux.davidson.cc.nc.us/STUDENT/PUBLIC TEST10N.CPP
99.09.14 11:43 B D:\oldstuff\Internet Stuff\linux.davidson.cc.nc.us\STUDENT\PUBLIC\TEST10O.CPP --> ftp.ncsu.edu /afs/unity.ncsu.edu/users/d/dfsamuel/linux.davidson.cc.nc.us/STUDENT/PUBLIC TEST10O.CPP
99.09.14 11:43 B D:\oldstuff\Internet Stuff\linux.davidson.cc.nc.us\STUDENT\PUBLIC\TEST10OH.CPP --> ftp.ncsu.edu /afs/unity.ncsu.edu/users/d/dfsamuel/linux.davidson.cc.nc.us/STUDENT/PUBLIC TEST10OH.CPP
99.09.14 11:43 B D:\oldstuff\Internet Stuff\linux.davidson.cc.nc.us\STUDENT\PUBLIC\TEST11C.CPP --> ftp.ncsu.edu /afs/unity.ncsu.edu/users/d/dfsamuel/linux.davidson.cc.nc.us/STUDENT/PUBLIC TEST11C.CPP
99.09.14 11:43 B D:\oldstuff\Internet Stuff\linux.davidson.cc.nc.us\STUDENT\PUBLIC\TEST11D.CPP --> ftp.ncsu.edu /afs/unity.ncsu.edu/users/d/dfsamuel/linux.davidson.cc.nc.us/STUDENT/PUBLIC TEST11D.CPP
99.09.14 11:43 B D:\oldstuff\Internet Stuff\linux.davidson.cc.nc.us\STUDENT\PUBLIC\TEST11E.CPP --> ftp.ncsu.edu /afs/unity.ncsu.edu/users/d/dfsamuel/linux.davidson.cc.nc.us/STUDENT/PUBLIC TEST11E.CPP
99.09.14 11:43 B D:\oldstuff\Internet Stuff\linux.davidson.cc.nc.us\STUDENT\PUBLIC\TEST18A.CPP --> ftp.ncsu.edu /afs/unity.ncsu.edu/users/d/dfsamuel/linux.davidson.cc.nc.us/STUDENT/PUBLIC TEST18A.CPP
99.09.14 11:43 B D:\oldstuff\Internet Stuff\linux.davidson.cc.nc.us\STUDENT\PUBLIC\TEST18B.CPP --> ftp.ncsu.edu /afs/unity.ncsu.edu/users/d/dfsamuel/linux.davidson.cc.nc.us/STUDENT/PUBLIC TEST18B.CPP
99.09.14 11:43 B D:\oldstuff\Internet Stuff\linux.davidson.cc.nc.us\STUDENT\PUBLIC\TEST18C.CPP --> ftp.ncsu.edu /afs/unity.ncsu.edu/users/d/dfsamuel/linux.davidson.cc.nc.us/STUDENT/PUBLIC TEST18C.CPP
99.09.14 11:43 B D:\oldstuff\Internet Stuff\linux.davidson.cc.nc.us\STUDENT\PUBLIC\TEST5L.CPP --> ftp.ncsu.edu /afs/unity.ncsu.edu/users/d/dfsamuel/linux.davidson.cc.nc.us/STUDENT/PUBLIC TEST5L.CPP
99.09.14 11:43 B D:\oldstuff\Internet Stuff\linux.davidson.cc.nc.us\STUDENT\PUBLIC\TEST6D.CPP --> ftp.ncsu.edu /afs/unity.ncsu.edu/users/d/dfsamuel/linux.davidson.cc.nc.us/STUDENT/PUBLIC TEST6D.CPP
99.09.14 11:43 B D:\oldstuff\Internet Stuff\linux.davidson.cc.nc.us\STUDENT\PUBLIC\TEST6E.CPP --> ftp.ncsu.edu /afs/unity.ncsu.edu/users/d/dfsamuel/linux.davidson.cc.nc.us/STUDENT/PUBLIC TEST6E.CPP
99.09.14 11:43 B D:\oldstuff\Internet Stuff\linux.davidson.cc.nc.us\STUDENT\PUBLIC\TEST6F.CPP --> ftp.ncsu.edu /afs/unity.ncsu.edu/users/d/dfsamuel/linux.davidson.cc.nc.us/STUDENT/PUBLIC TEST6F.CPP
99.09.14 11:43 B D:\oldstuff\Internet Stuff\linux.davidson.cc.nc.us\STUDENT\PUBLIC\TEST6G.CPP --> ftp.ncsu.edu /afs/unity.ncsu.edu/users/d/dfsamuel/linux.davidson.cc.nc.us/STUDENT/PUBLIC TEST6G.CPP
99.09.14 11:43 B D:\oldstuff\Internet Stuff\linux.davidson.cc.nc.us\STUDENT\PUBLIC\TEST6H.CPP --> ftp.ncsu.edu /afs/unity.ncsu.edu/users/d/dfsamuel/linux.davidson.cc.nc.us/STUDENT/PUBLIC TEST6H.CPP
99.09.14 11:43 B D:\oldstuff\Internet Stuff\linux.davidson.cc.nc.us\STUDENT\PUBLIC\TEST7C.CPP --> ftp.ncsu.edu /afs/unity.ncsu.edu/users/d/dfsamuel/linux.davidson.cc.nc.us/STUDENT/PUBLIC TEST7C.CPP
99.09.14 11:43 B D:\oldstuff\Internet Stuff\linux.davidson.cc.nc.us\STUDENT\PUBLIC\TEST7D.CPP --> ftp.ncsu.edu /afs/unity.ncsu.edu/users/d/dfsamuel/linux.davidson.cc.nc.us/STUDENT/PUBLIC TEST7D.CPP
99.09.14 11:43 B D:\oldstuff\Internet Stuff\linux.davidson.cc.nc.us\STUDENT\PUBLIC\TEST7E.CPP --> ftp.ncsu.edu /afs/unity.ncsu.edu/users/d/dfsamuel/linux.davidson.cc.nc.us/STUDENT/PUBLIC TEST7E.CPP
99.09.14 11:43 B D:\oldstuff\Internet Stuff\linux.davidson.cc.nc.us\STUDENT\PUBLIC\TEST7F.CPP --> ftp.ncsu.edu /afs/unity.ncsu.edu/users/d/dfsamuel/linux.davidson.cc.nc.us/STUDENT/PUBLIC TEST7F.CPP
99.09.14 11:43 B D:\oldstuff\Internet Stuff\linux.davidson.cc.nc.us\STUDENT\PUBLIC\TEST7G.CPP --> ftp.ncsu.edu /afs/unity.ncsu.edu/users/d/dfsamuel/linux.davidson.cc.nc.us/STUDENT/PUBLIC TEST7G.CPP
99.09.14 11:43 B D:\oldstuff\Internet Stuff\linux.davidson.cc.nc.us\STUDENT\PUBLIC\TEST7H.CPP --> ftp.ncsu.edu /afs/unity.ncsu.edu/users/d/dfsamuel/linux.davidson.cc.nc.us/STUDENT/PUBLIC TEST7H.CPP
99.09.14 11:43 B D:\oldstuff\Internet Stuff\linux.davidson.cc.nc.us\STUDENT\PUBLIC\TEST7L.CPP --> ftp.ncsu.edu /afs/unity.ncsu.edu/users/d/dfsamuel/linux.davidson.cc.nc.us/STUDENT/PUBLIC TEST7L.CPP
99.09.14 11:43 B D:\oldstuff\Internet Stuff\linux.davidson.cc.nc.us\STUDENT\PUBLIC\TEST7N.CPP --> ftp.ncsu.edu /afs/unity.ncsu.edu/users/d/dfsamuel/linux.davidson.cc.nc.us/STUDENT/PUBLIC TEST7N.CPP
99.09.14 11:43 B D:\oldstuff\Internet Stuff\linux.davidson.cc.nc.us\STUDENT\PUBLIC\TEST8H.CPP --> ftp.ncsu.edu /afs/unity.ncsu.edu/users/d/dfsamuel/linux.davidson.cc.nc.us/STUDENT/PUBLIC TEST8H.CPP
99.09.14 11:43 B D:\oldstuff\Internet Stuff\linux.davidson.cc.nc.us\STUDENT\PUBLIC\TEST9M.CPP --> ftp.ncsu.edu /afs/unity.ncsu.edu/users/d/dfsamuel/linux.davidson.cc.nc.us/STUDENT/PUBLIC TEST9M.CPP
99.09.14 11:43 B D:\oldstuff\Internet Stuff\linux.davidson.cc.nc.us\STUDENT\PUBLIC\TEST_CD.CPP --> ftp.ncsu.edu /afs/unity.ncsu.edu/users/d/dfsamuel/linux.davidson.cc.nc.us/STUDENT/PUBLIC TEST_CD.CPP
99.09.14 11:43 B D:\oldstuff\Internet Stuff\linux.davidson.cc.nc.us\STUDENT\PUBLIC\test_cdcollection.cpp --> ftp.ncsu.edu /afs/unity.ncsu.edu/users/d/dfsamuel/linux.davidson.cc.nc.us/STUDENT/PUBLIC test_cdcollection.cpp
99.09.14 11:43 B D:\oldstuff\Internet Stuff\linux.davidson.cc.nc.us\STUDENT\PUBLIC\test_jukebox.cpp --> ftp.ncsu.edu /afs/unity.ncsu.edu/users/d/dfsamuel/linux.davidson.cc.nc.us/STUDENT/PUBLIC test_jukebox.cpp
99.09.14 11:43 B D:\oldstuff\Internet Stuff\linux.davidson.cc.nc.us\STUDENT\PUBLIC\test_track.cpp --> ftp.ncsu.edu /afs/unity.ncsu.edu/users/d/dfsamuel/linux.davidson.cc.nc.us/STUDENT/PUBLIC test_track.cpp
99.09.14 11:43 B D:\oldstuff\Internet Stuff\linux.davidson.cc.nc.us\STUDENT\PUBLIC\test_trackselector.cpp --> ftp.ncsu.edu /afs/unity.ncsu.edu/users/d/dfsamuel/linux.davidson.cc.nc.us/STUDENT/PUBLIC test_trackselector.cpp
99.09.14 11:43 B D:\oldstuff\Internet Stuff\linux.davidson.cc.nc.us\STUDENT\PUBLIC\TESTDATE.CPP --> ftp.ncsu.edu /afs/unity.ncsu.edu/users/d/dfsamuel/linux.davidson.cc.nc.us/STUDENT/PUBLIC TESTDATE.CPP
99.09.14 11:43 B D:\oldstuff\Internet Stuff\linux.davidson.cc.nc.us\STUDENT\PUBLIC\testjukebox.cpp --> ftp.ncsu.edu /afs/unity.ncsu.edu/users/d/dfsamuel/linux.davidson.cc.nc.us/STUDENT/PUBLIC testjukebox.cpp
99.09.14 11:43 B D:\oldstuff\Internet Stuff\linux.davidson.cc.nc.us\STUDENT\PUBLIC\TESTLELI.CPP --> ftp.ncsu.edu /afs/unity.ncsu.edu/users/d/dfsamuel/linux.davidson.cc.nc.us/STUDENT/PUBLIC TESTLELI.CPP
99.09.14 11:43 B D:\oldstuff\Internet Stuff\linux.davidson.cc.nc.us\STUDENT\PUBLIC\TESTLEND.CPP --> ftp.ncsu.edu /afs/unity.ncsu.edu/users/d/dfsamuel/linux.davidson.cc.nc.us/STUDENT/PUBLIC TESTLEND.CPP
99.09.14 11:43 B D:\oldstuff\Internet Stuff\linux.davidson.cc.nc.us\STUDENT\PUBLIC\TRACK --> ftp.ncsu.edu /afs/unity.ncsu.edu/users/d/dfsamuel/linux.davidson.cc.nc.us/STUDENT/PUBLIC TRACK
99.09.14 11:43 B D:\oldstuff\Internet Stuff\linux.davidson.cc.nc.us\STUDENT\PUBLIC\TRACK.CPP --> ftp.ncsu.edu /afs/unity.ncsu.edu/users/d/dfsamuel/linux.davidson.cc.nc.us/STUDENT/PUBLIC TRACK.CPP
99.09.14 11:43 B D:\oldstuff\Internet Stuff\linux.davidson.cc.nc.us\STUDENT\PUBLIC\TRACK.H --> ftp.ncsu.edu /afs/unity.ncsu.edu/users/d/dfsamuel/linux.davidson.cc.nc.us/STUDENT/PUBLIC TRACK.H
99.09.14 11:43 B D:\oldstuff\Internet Stuff\linux.davidson.cc.nc.us\STUDENT\PUBLIC\TRACKSEL --> ftp.ncsu.edu /afs/unity.ncsu.edu/users/d/dfsamuel/linux.davidson.cc.nc.us/STUDENT/PUBLIC TRACKSEL
99.09.14 11:43 B D:\oldstuff\Internet Stuff\linux.davidson.cc.nc.us\STUDENT\PUBLIC\TRACKSEL.CPP --> ftp.ncsu.edu /afs/unity.ncsu.edu/users/d/dfsamuel/linux.davidson.cc.nc.us/STUDENT/PUBLIC TRACKSEL.CPP
99.09.14 11:43 B D:\oldstuff\Internet Stuff\linux.davidson.cc.nc.us\STUDENT\PUBLIC\TRACKSEL.H --> ftp.ncsu.edu /afs/unity.ncsu.edu/users/d/dfsamuel/linux.davidson.cc.nc.us/STUDENT/PUBLIC TRACKSEL.H
99.09.14 11:43 B D:\oldstuff\Internet Stuff\linux.davidson.cc.nc.us\STUDENT\PUBLIC\USERS.CPP --> ftp.ncsu.edu /afs/unity.ncsu.edu/users/d/dfsamuel/linux.davidson.cc.nc.us/STUDENT/PUBLIC USERS.CPP
99.09.14 11:43 B D:\oldstuff\Internet Stuff\linux.davidson.cc.nc.us\STUDENT\PUBLIC\VECTOR --> ftp.ncsu.edu /afs/unity.ncsu.edu/users/d/dfsamuel/linux.davidson.cc.nc.us/STUDENT/PUBLIC VECTOR
99.09.14 11:43 B D:\oldstuff\Internet Stuff\linux.davidson.cc.nc.us\STUDENT\PUBLIC\WEEKEMP --> ftp.ncsu.edu /afs/unity.ncsu.edu/users/d/dfsamuel/linux.davidson.cc.nc.us/STUDENT/PUBLIC WEEKEMP
99.09.14 11:43 B D:\oldstuff\Internet Stuff\linux.davidson.cc.nc.us\STUDENT\PUBLIC\WEEKEMP.CPP --> ftp.ncsu.edu /afs/unity.ncsu.edu/users/d/dfsamuel/linux.davidson.cc.nc.us/STUDENT/PUBLIC WEEKEMP.CPP
99.09.14 11:43 B D:\oldstuff\Internet Stuff\linux.davidson.cc.nc.us\STUDENT\PUBLIC\WEEKEMP.H --> ftp.ncsu.edu /afs/unity.ncsu.edu/users/d/dfsamuel/linux.davidson.cc.nc.us/STUDENT/PUBLIC WEEKEMP.H
99.09.14 11:43 B D:\oldstuff\Internet Stuff\linux.davidson.cc.nc.us\STUDENT\PUBLIC\WITHDEST --> ftp.ncsu.edu /afs/unity.ncsu.edu/users/d/dfsamuel/linux.davidson.cc.nc.us/STUDENT/PUBLIC WITHDEST
99.09.14 11:43 B D:\oldstuff\Internet Stuff\linux.davidson.cc.nc.us\STUDENT\PUBLIC\WITHDEST.CPP --> ftp.ncsu.edu /afs/unity.ncsu.edu/users/d/dfsamuel/linux.davidson.cc.nc.us/STUDENT/PUBLIC WITHDEST.CPP
99.09.14 11:43 B D:\oldstuff\Internet Stuff\linux.davidson.cc.nc.us\STUDENT\PUBLIC\WITHDEST.H --> ftp.ncsu.edu /afs/unity.ncsu.edu/users/d/dfsamuel/linux.davidson.cc.nc.us/STUDENT/PUBLIC WITHDEST.H
